<?xml version="1.0" encoding="UTF-8"?>
<testsuites disabled="0" errors="1" failures="128" tests="13238">
  <testsuite name="tests/run-test" tests="17" disabled="0" errors="0" failures="0" skipped="1">
    <testcase name="bug75042-2">
    </testcase>
    <testcase name="bug75042-3">
    </testcase>
    <testcase name="bug75042">
    </testcase>
    <testcase name="test001">
    </testcase>
    <testcase name="test002">
    </testcase>
    <testcase name="test003">
    </testcase>
    <testcase name="test004">
    </testcase>
    <testcase name="test005">
    </testcase>
    <testcase name="test006">
    </testcase>
    <testcase name="test007">
    </testcase>
    <testcase name="test008">
      <skipped message="" />
    </testcase>
    <testcase name="test008a">
    </testcase>
    <testcase name="test009">
    </testcase>
    <testcase name="test010">
    </testcase>
    <testcase name="test011">
    </testcase>
    <testcase name="test012">
    </testcase>
    <testcase name="test013">
    </testcase>
  </testsuite>
  <testsuite name="tests/basic" tests="81" disabled="0" errors="0" failures="2" skipped="1">
    <testcase name="001">
    </testcase>
    <testcase name="002">
    </testcase>
    <testcase name="003">
    </testcase>
    <testcase name="004">
    </testcase>
    <testcase name="005">
    </testcase>
    <testcase name="006">
    </testcase>
    <testcase name="007">
    </testcase>
    <testcase name="008">
    </testcase>
    <testcase name="009">
    </testcase>
    <testcase name="010">
    </testcase>
    <testcase name="011">
    </testcase>
    <testcase name="012">
    </testcase>
    <testcase name="013">
    </testcase>
    <testcase name="014">
    </testcase>
    <testcase name="015">
    </testcase>
    <testcase name="016">
    </testcase>
    <testcase name="017">
    </testcase>
    <testcase name="018">
    </testcase>
    <testcase name="019">
    </testcase>
    <testcase name="020">
    </testcase>
    <testcase name="021">
    </testcase>
    <testcase name="022">
      <failure message="" />
    </testcase>
    <testcase name="023">
    </testcase>
    <testcase name="025">
    </testcase>
    <testcase name="027">
    </testcase>
    <testcase name="028">
    </testcase>
    <testcase name="029">
    </testcase>
    <testcase name="030">
    </testcase>
    <testcase name="031">
    </testcase>
    <testcase name="032">
    </testcase>
    <testcase name="bug20539">
    </testcase>
    <testcase name="bug29971">
    </testcase>
    <testcase name="bug31875">
    </testcase>
    <testcase name="bug45986">
    </testcase>
    <testcase name="bug53180">
    </testcase>
    <testcase name="bug54514">
    </testcase>
    <testcase name="bug55500">
    </testcase>
    <testcase name="bug61000">
    </testcase>
    <testcase name="bug67198">
    </testcase>
    <testcase name="bug67988">
    </testcase>
    <testcase name="bug71273">
      <failure message="" />
    </testcase>
    <testcase name="bug73969">
    </testcase>
    <testcase name="enable_post_data_reading_01">
    </testcase>
    <testcase name="enable_post_data_reading_02">
    </testcase>
    <testcase name="enable_post_data_reading_03">
    </testcase>
    <testcase name="enable_post_data_reading_04">
    </testcase>
    <testcase name="enable_post_data_reading_05">
    </testcase>
    <testcase name="enable_post_data_reading_06">
    </testcase>
    <testcase name="enable_post_data_reading_07">
    </testcase>
    <testcase name="encoding">
    </testcase>
    <testcase name="header_register_callback">
    </testcase>
    <testcase name="precision">
    </testcase>
    <testcase name="req44164">
    </testcase>
    <testcase name="req60524-win">
      <skipped message="" />
    </testcase>
    <testcase name="req60524">
    </testcase>
    <testcase name="rfc1867_anonymous_upload">
    </testcase>
    <testcase name="rfc1867_array_upload">
    </testcase>
    <testcase name="rfc1867_boundary_1">
    </testcase>
    <testcase name="rfc1867_boundary_2">
    </testcase>
    <testcase name="rfc1867_empty_upload">
    </testcase>
    <testcase name="rfc1867_file_upload_disabled">
    </testcase>
    <testcase name="rfc1867_garbled_mime_headers">
    </testcase>
    <testcase name="rfc1867_invalid_boundary">
    </testcase>
    <testcase name="rfc1867_malicious_input">
    </testcase>
    <testcase name="rfc1867_max_file_size">
    </testcase>
    <testcase name="rfc1867_max_file_uploads_empty_files">
    </testcase>
    <testcase name="rfc1867_missing_boundary">
    </testcase>
    <testcase name="rfc1867_missing_boundary_2">
    </testcase>
    <testcase name="rfc1867_post_max_filesize">
    </testcase>
    <testcase name="rfc1867_post_max_size">
    </testcase>
    <testcase name="timeout_variation_0">
    </testcase>
    <testcase name="timeout_variation_1">
    </testcase>
    <testcase name="timeout_variation_10">
    </testcase>
    <testcase name="timeout_variation_2">
    </testcase>
    <testcase name="timeout_variation_3">
    </testcase>
    <testcase name="timeout_variation_4">
    </testcase>
    <testcase name="timeout_variation_5">
    </testcase>
    <testcase name="timeout_variation_6">
    </testcase>
    <testcase name="timeout_variation_7">
    </testcase>
    <testcase name="timeout_variation_8">
    </testcase>
    <testcase name="timeout_variation_9">
    </testcase>
  </testsuite>
  <testsuite name="tests/classes" tests="292" disabled="0" errors="0" failures="0" skipped="0">
    <testcase name="__call_001">
    </testcase>
    <testcase name="__call_002">
    </testcase>
    <testcase name="__call_003">
    </testcase>
    <testcase name="__call_004">
    </testcase>
    <testcase name="__call_005">
    </testcase>
    <testcase name="__call_006">
    </testcase>
    <testcase name="__call_007">
    </testcase>
    <testcase name="__set__get_001">
    </testcase>
    <testcase name="__set__get_002">
    </testcase>
    <testcase name="__set__get_003">
    </testcase>
    <testcase name="__set__get_004">
    </testcase>
    <testcase name="__set__get_005">
    </testcase>
    <testcase name="__set_data_corrupt">
    </testcase>
    <testcase name="abstract">
    </testcase>
    <testcase name="abstract_by_interface_001">
    </testcase>
    <testcase name="abstract_by_interface_002">
    </testcase>
    <testcase name="abstract_class">
    </testcase>
    <testcase name="abstract_derived">
    </testcase>
    <testcase name="abstract_final">
    </testcase>
    <testcase name="abstract_inherit">
    </testcase>
    <testcase name="abstract_not_declared">
    </testcase>
    <testcase name="abstract_redeclare">
    </testcase>
    <testcase name="abstract_static">
    </testcase>
    <testcase name="abstract_user_call">
    </testcase>
    <testcase name="array_access_001">
    </testcase>
    <testcase name="array_access_002">
    </testcase>
    <testcase name="array_access_003">
    </testcase>
    <testcase name="array_access_004">
    </testcase>
    <testcase name="array_access_005">
    </testcase>
    <testcase name="array_access_006">
    </testcase>
    <testcase name="array_access_007">
    </testcase>
    <testcase name="array_access_008">
    </testcase>
    <testcase name="array_access_009">
    </testcase>
    <testcase name="array_access_010">
    </testcase>
    <testcase name="array_access_011">
    </testcase>
    <testcase name="array_access_012">
    </testcase>
    <testcase name="array_access_013">
    </testcase>
    <testcase name="array_conversion_keys">
    </testcase>
    <testcase name="arrayobject_001">
    </testcase>
    <testcase name="assign_op_property_001">
    </testcase>
    <testcase name="autoload_001">
    </testcase>
    <testcase name="autoload_002">
    </testcase>
    <testcase name="autoload_003">
    </testcase>
    <testcase name="autoload_004">
    </testcase>
    <testcase name="autoload_005">
    </testcase>
    <testcase name="autoload_006">
    </testcase>
    <testcase name="autoload_007">
    </testcase>
    <testcase name="autoload_008">
    </testcase>
    <testcase name="autoload_009">
    </testcase>
    <testcase name="autoload_010">
    </testcase>
    <testcase name="autoload_011">
    </testcase>
    <testcase name="autoload_012">
    </testcase>
    <testcase name="autoload_013">
    </testcase>
    <testcase name="autoload_014">
    </testcase>
    <testcase name="autoload_015">
    </testcase>
    <testcase name="autoload_016">
    </testcase>
    <testcase name="autoload_017">
    </testcase>
    <testcase name="autoload_018">
    </testcase>
    <testcase name="autoload_019">
    </testcase>
    <testcase name="autoload_020">
    </testcase>
    <testcase name="autoload_021">
    </testcase>
    <testcase name="bug23951">
    </testcase>
    <testcase name="bug24399">
    </testcase>
    <testcase name="bug24445">
    </testcase>
    <testcase name="bug26737">
    </testcase>
    <testcase name="bug27468">
    </testcase>
    <testcase name="bug27504">
    </testcase>
    <testcase name="bug29446">
    </testcase>
    <testcase name="bug63462">
    </testcase>
    <testcase name="bug65768">
    </testcase>
    <testcase name="bug75765">
    </testcase>
    <testcase name="class_abstract">
    </testcase>
    <testcase name="class_example">
    </testcase>
    <testcase name="class_final">
    </testcase>
    <testcase name="class_stdclass">
    </testcase>
    <testcase name="clone_001">
    </testcase>
    <testcase name="clone_002">
    </testcase>
    <testcase name="clone_003">
    </testcase>
    <testcase name="clone_004">
    </testcase>
    <testcase name="clone_005">
    </testcase>
    <testcase name="clone_006">
    </testcase>
    <testcase name="constants_basic_001">
    </testcase>
    <testcase name="constants_basic_002">
    </testcase>
    <testcase name="constants_basic_003">
    </testcase>
    <testcase name="constants_basic_004">
    </testcase>
    <testcase name="constants_basic_005">
    </testcase>
    <testcase name="constants_basic_006">
    </testcase>
    <testcase name="constants_comments_001">
    </testcase>
    <testcase name="constants_error_001">
    </testcase>
    <testcase name="constants_error_002">
    </testcase>
    <testcase name="constants_error_003">
    </testcase>
    <testcase name="constants_error_004">
    </testcase>
    <testcase name="constants_error_005">
    </testcase>
    <testcase name="constants_error_006">
    </testcase>
    <testcase name="constants_error_007">
    </testcase>
    <testcase name="constants_scope_001">
    </testcase>
    <testcase name="constants_visibility_001">
    </testcase>
    <testcase name="constants_visibility_002">
    </testcase>
    <testcase name="constants_visibility_003">
    </testcase>
    <testcase name="constants_visibility_004">
    </testcase>
    <testcase name="constants_visibility_005">
    </testcase>
    <testcase name="constants_visibility_006">
    </testcase>
    <testcase name="constants_visibility_007">
    </testcase>
    <testcase name="constants_visibility_008">
    </testcase>
    <testcase name="constants_visibility_error_001">
    </testcase>
    <testcase name="constants_visibility_error_002">
    </testcase>
    <testcase name="constants_visibility_error_003">
    </testcase>
    <testcase name="constants_visibility_error_004">
    </testcase>
    <testcase name="ctor_dtor">
    </testcase>
    <testcase name="ctor_dtor_inheritance">
    </testcase>
    <testcase name="ctor_failure">
    </testcase>
    <testcase name="ctor_in_interface_01">
    </testcase>
    <testcase name="ctor_in_interface_02">
    </testcase>
    <testcase name="ctor_in_interface_03">
    </testcase>
    <testcase name="ctor_in_interface_04">
    </testcase>
    <testcase name="ctor_name_clash">
    </testcase>
    <testcase name="ctor_visibility">
    </testcase>
    <testcase name="dereferencing_001">
    </testcase>
    <testcase name="destructor_and_echo">
    </testcase>
    <testcase name="destructor_and_exceptions">
    </testcase>
    <testcase name="destructor_and_globals">
    </testcase>
    <testcase name="destructor_and_references">
    </testcase>
    <testcase name="destructor_inheritance">
    </testcase>
    <testcase name="destructor_visibility_001">
    </testcase>
    <testcase name="destructor_visibility_002">
    </testcase>
    <testcase name="destructor_visibility_003">
    </testcase>
    <testcase name="factory_001">
    </testcase>
    <testcase name="factory_and_singleton_001">
    </testcase>
    <testcase name="factory_and_singleton_002">
    </testcase>
    <testcase name="factory_and_singleton_003">
    </testcase>
    <testcase name="factory_and_singleton_004">
    </testcase>
    <testcase name="factory_and_singleton_005">
    </testcase>
    <testcase name="factory_and_singleton_006">
    </testcase>
    <testcase name="factory_and_singleton_007">
    </testcase>
    <testcase name="factory_and_singleton_008">
    </testcase>
    <testcase name="factory_and_singleton_009">
    </testcase>
    <testcase name="factory_and_singleton_010">
    </testcase>
    <testcase name="final">
    </testcase>
    <testcase name="final_abstract">
    </testcase>
    <testcase name="final_ctor1">
    </testcase>
    <testcase name="final_ctor2">
    </testcase>
    <testcase name="final_ctor3">
    </testcase>
    <testcase name="final_redeclare">
    </testcase>
    <testcase name="implicit_instantiation_001">
    </testcase>
    <testcase name="incdec_property_001">
    </testcase>
    <testcase name="incdec_property_002">
    </testcase>
    <testcase name="incdec_property_003">
    </testcase>
    <testcase name="incdec_property_004">
    </testcase>
    <testcase name="inheritance">
    </testcase>
    <testcase name="inheritance_002">
    </testcase>
    <testcase name="inheritance_003">
    </testcase>
    <testcase name="inheritance_004">
    </testcase>
    <testcase name="inheritance_005">
    </testcase>
    <testcase name="inheritance_006">
    </testcase>
    <testcase name="inheritance_007">
    </testcase>
    <testcase name="interface_and_extends">
    </testcase>
    <testcase name="interface_class">
    </testcase>
    <testcase name="interface_constant_inheritance_001">
    </testcase>
    <testcase name="interface_constant_inheritance_002">
    </testcase>
    <testcase name="interface_constant_inheritance_003">
    </testcase>
    <testcase name="interface_constant_inheritance_004">
    </testcase>
    <testcase name="interface_constant_inheritance_005">
    </testcase>
    <testcase name="interface_constant_inheritance_006">
    </testcase>
    <testcase name="interface_constant_inheritance_007">
    </testcase>
    <testcase name="interface_doubled">
    </testcase>
    <testcase name="interface_implemented">
    </testcase>
    <testcase name="interface_instantiate">
    </testcase>
    <testcase name="interface_member">
    </testcase>
    <testcase name="interface_method">
    </testcase>
    <testcase name="interface_method_final">
    </testcase>
    <testcase name="interface_method_private">
    </testcase>
    <testcase name="interface_must_be_implemented">
    </testcase>
    <testcase name="interface_optional_arg">
    </testcase>
    <testcase name="interface_optional_arg_002">
    </testcase>
    <testcase name="interface_optional_arg_003">
    </testcase>
    <testcase name="interfaces_001">
    </testcase>
    <testcase name="interfaces_002">
    </testcase>
    <testcase name="interfaces_003">
    </testcase>
    <testcase name="iterators_001">
    </testcase>
    <testcase name="iterators_002">
    </testcase>
    <testcase name="iterators_003">
    </testcase>
    <testcase name="iterators_004">
    </testcase>
    <testcase name="iterators_005">
    </testcase>
    <testcase name="iterators_006">
    </testcase>
    <testcase name="iterators_007">
    </testcase>
    <testcase name="iterators_008">
    </testcase>
    <testcase name="method_call_variation_001">
    </testcase>
    <testcase name="method_override_optional_arg_001">
    </testcase>
    <testcase name="method_override_optional_arg_002">
    </testcase>
    <testcase name="object_reference_001">
    </testcase>
    <testcase name="private_001">
    </testcase>
    <testcase name="private_002">
    </testcase>
    <testcase name="private_003">
    </testcase>
    <testcase name="private_003b">
    </testcase>
    <testcase name="private_004">
    </testcase>
    <testcase name="private_004b">
    </testcase>
    <testcase name="private_005">
    </testcase>
    <testcase name="private_006">
    </testcase>
    <testcase name="private_006b">
    </testcase>
    <testcase name="private_007">
    </testcase>
    <testcase name="private_007b">
    </testcase>
    <testcase name="private_members">
    </testcase>
    <testcase name="private_members_serialization">
    </testcase>
    <testcase name="private_redeclare">
    </testcase>
    <testcase name="property_override_privateStatic_private">
    </testcase>
    <testcase name="property_override_privateStatic_privateStatic">
    </testcase>
    <testcase name="property_override_privateStatic_protected">
    </testcase>
    <testcase name="property_override_privateStatic_protectedStatic">
    </testcase>
    <testcase name="property_override_privateStatic_public">
    </testcase>
    <testcase name="property_override_privateStatic_publicStatic">
    </testcase>
    <testcase name="property_override_private_private">
    </testcase>
    <testcase name="property_override_private_privateStatic">
    </testcase>
    <testcase name="property_override_private_protected">
    </testcase>
    <testcase name="property_override_private_protectedStatic">
    </testcase>
    <testcase name="property_override_private_public">
    </testcase>
    <testcase name="property_override_private_publicStatic">
    </testcase>
    <testcase name="property_override_protectedStatic_private">
    </testcase>
    <testcase name="property_override_protectedStatic_privateStatic">
    </testcase>
    <testcase name="property_override_protectedStatic_protected">
    </testcase>
    <testcase name="property_override_protectedStatic_protectedStatic">
    </testcase>
    <testcase name="property_override_protectedStatic_public">
    </testcase>
    <testcase name="property_override_protectedStatic_publicStatic">
    </testcase>
    <testcase name="property_override_protected_private">
    </testcase>
    <testcase name="property_override_protected_privateStatic">
    </testcase>
    <testcase name="property_override_protected_protected">
    </testcase>
    <testcase name="property_override_protected_protectedStatic">
    </testcase>
    <testcase name="property_override_protected_public">
    </testcase>
    <testcase name="property_override_protected_publicStatic">
    </testcase>
    <testcase name="property_override_publicStatic_private">
    </testcase>
    <testcase name="property_override_publicStatic_privateStatic">
    </testcase>
    <testcase name="property_override_publicStatic_protected">
    </testcase>
    <testcase name="property_override_publicStatic_protectedStatic">
    </testcase>
    <testcase name="property_override_publicStatic_public">
    </testcase>
    <testcase name="property_override_publicStatic_publicStatic">
    </testcase>
    <testcase name="property_override_public_private">
    </testcase>
    <testcase name="property_override_public_privateStatic">
    </testcase>
    <testcase name="property_override_public_protected">
    </testcase>
    <testcase name="property_override_public_protectedStatic">
    </testcase>
    <testcase name="property_override_public_public">
    </testcase>
    <testcase name="property_override_public_publicStatic">
    </testcase>
    <testcase name="property_recreate_private">
    </testcase>
    <testcase name="property_recreate_protected">
    </testcase>
    <testcase name="protected_001">
    </testcase>
    <testcase name="protected_001b">
    </testcase>
    <testcase name="protected_002">
    </testcase>
    <testcase name="serialize_001">
    </testcase>
    <testcase name="singleton_001">
    </testcase>
    <testcase name="static_mix_1">
    </testcase>
    <testcase name="static_mix_2">
    </testcase>
    <testcase name="static_properties_001">
    </testcase>
    <testcase name="static_properties_003">
    </testcase>
    <testcase name="static_properties_003_error1">
    </testcase>
    <testcase name="static_properties_003_error2">
    </testcase>
    <testcase name="static_properties_003_error3">
    </testcase>
    <testcase name="static_properties_003_error4">
    </testcase>
    <testcase name="static_properties_004">
    </testcase>
    <testcase name="static_properties_undeclared_assign">
    </testcase>
    <testcase name="static_properties_undeclared_assignInc">
    </testcase>
    <testcase name="static_properties_undeclared_assignRef">
    </testcase>
    <testcase name="static_properties_undeclared_inc">
    </testcase>
    <testcase name="static_properties_undeclared_isset">
    </testcase>
    <testcase name="static_properties_undeclared_read">
    </testcase>
    <testcase name="static_this">
    </testcase>
    <testcase name="this">
    </testcase>
    <testcase name="tostring_001">
    </testcase>
    <testcase name="tostring_002">
    </testcase>
    <testcase name="tostring_003">
    </testcase>
    <testcase name="tostring_004">
    </testcase>
    <testcase name="type_hinting_001">
    </testcase>
    <testcase name="type_hinting_002">
    </testcase>
    <testcase name="type_hinting_003">
    </testcase>
    <testcase name="type_hinting_004">
    </testcase>
    <testcase name="type_hinting_005a">
    </testcase>
    <testcase name="type_hinting_005c">
    </testcase>
    <testcase name="type_hinting_005d">
    </testcase>
    <testcase name="unset_properties">
    </testcase>
    <testcase name="visibility_000a">
    </testcase>
    <testcase name="visibility_000b">
    </testcase>
    <testcase name="visibility_000c">
    </testcase>
    <testcase name="visibility_001a">
    </testcase>
    <testcase name="visibility_001b">
    </testcase>
    <testcase name="visibility_001c">
    </testcase>
    <testcase name="visibility_002a">
    </testcase>
    <testcase name="visibility_002b">
    </testcase>
    <testcase name="visibility_002c">
    </testcase>
    <testcase name="visibility_003a">
    </testcase>
    <testcase name="visibility_003b">
    </testcase>
    <testcase name="visibility_003c">
    </testcase>
    <testcase name="visibility_004a">
    </testcase>
    <testcase name="visibility_004b">
    </testcase>
    <testcase name="visibility_004c">
    </testcase>
    <testcase name="visibility_005">
    </testcase>
  </testsuite>
  <testsuite name="tests/func" tests="14" disabled="0" errors="0" failures="0" skipped="0">
    <testcase name="001">
    </testcase>
    <testcase name="002">
    </testcase>
    <testcase name="003">
    </testcase>
    <testcase name="004">
    </testcase>
    <testcase name="005">
    </testcase>
    <testcase name="005a">
    </testcase>
    <testcase name="006">
    </testcase>
    <testcase name="007">
    </testcase>
    <testcase name="008">
    </testcase>
    <testcase name="009">
    </testcase>
    <testcase name="010">
    </testcase>
    <testcase name="011">
    </testcase>
    <testcase name="bug64523">
    </testcase>
    <testcase name="ini_alter">
    </testcase>
  </testsuite>
  <testsuite name="tests/lang" tests="217" disabled="0" errors="0" failures="0" skipped="3">
    <testcase name="001">
    </testcase>
    <testcase name="002">
    </testcase>
    <testcase name="003">
    </testcase>
    <testcase name="004">
    </testcase>
    <testcase name="005">
    </testcase>
    <testcase name="006">
    </testcase>
    <testcase name="007">
    </testcase>
    <testcase name="008">
    </testcase>
    <testcase name="009">
    </testcase>
    <testcase name="010">
    </testcase>
    <testcase name="011">
    </testcase>
    <testcase name="012">
    </testcase>
    <testcase name="013">
    </testcase>
    <testcase name="014">
    </testcase>
    <testcase name="015">
    </testcase>
    <testcase name="016">
    </testcase>
    <testcase name="017">
    </testcase>
    <testcase name="018">
    </testcase>
    <testcase name="019">
    </testcase>
    <testcase name="020">
    </testcase>
    <testcase name="021">
    </testcase>
    <testcase name="022">
    </testcase>
    <testcase name="023">
    </testcase>
    <testcase name="024">
    </testcase>
    <testcase name="025">
    </testcase>
    <testcase name="026">
    </testcase>
    <testcase name="027">
    </testcase>
    <testcase name="028">
    </testcase>
    <testcase name="030">
    </testcase>
    <testcase name="031">
    </testcase>
    <testcase name="032">
    </testcase>
    <testcase name="033">
    </testcase>
    <testcase name="034">
      <skipped message="" />
    </testcase>
    <testcase name="035">
    </testcase>
    <testcase name="036">
    </testcase>
    <testcase name="037">
    </testcase>
    <testcase name="038">
    </testcase>
    <testcase name="039">
    </testcase>
    <testcase name="040">
    </testcase>
    <testcase name="041">
    </testcase>
    <testcase name="042">
    </testcase>
    <testcase name="043">
    </testcase>
    <testcase name="044">
    </testcase>
    <testcase name="045">
    </testcase>
    <testcase name="array_shortcut_001">
    </testcase>
    <testcase name="array_shortcut_002">
    </testcase>
    <testcase name="array_shortcut_003">
    </testcase>
    <testcase name="array_shortcut_005">
    </testcase>
    <testcase name="bison1">
    </testcase>
    <testcase name="bug17115">
    </testcase>
    <testcase name="bug18872">
    </testcase>
    <testcase name="bug19566">
    </testcase>
    <testcase name="bug19943">
    </testcase>
    <testcase name="bug20175">
    </testcase>
    <testcase name="bug21094">
    </testcase>
    <testcase name="bug21600">
    </testcase>
    <testcase name="bug21669">
    </testcase>
    <testcase name="bug21820">
    </testcase>
    <testcase name="bug21849">
    </testcase>
    <testcase name="bug21961">
    </testcase>
    <testcase name="bug22231">
    </testcase>
    <testcase name="bug22510">
    </testcase>
    <testcase name="bug22592">
    </testcase>
    <testcase name="bug22690">
    </testcase>
    <testcase name="bug23279">
    </testcase>
    <testcase name="bug23384">
    </testcase>
    <testcase name="bug23489">
    </testcase>
    <testcase name="bug23524">
    </testcase>
    <testcase name="bug23584">
    </testcase>
    <testcase name="bug23624">
    </testcase>
    <testcase name="bug23922">
    </testcase>
    <testcase name="bug24054">
    </testcase>
    <testcase name="bug24396">
    </testcase>
    <testcase name="bug24436">
    </testcase>
    <testcase name="bug24499">
    </testcase>
    <testcase name="bug24573">
    </testcase>
    <testcase name="bug24640">
    </testcase>
    <testcase name="bug24652">
    </testcase>
    <testcase name="bug24658">
    </testcase>
    <testcase name="bug24783">
    </testcase>
    <testcase name="bug24908">
    </testcase>
    <testcase name="bug24926">
    </testcase>
    <testcase name="bug24951">
    </testcase>
    <testcase name="bug25145">
    </testcase>
    <testcase name="bug25547">
    </testcase>
    <testcase name="bug25652">
    </testcase>
    <testcase name="bug25922">
    </testcase>
    <testcase name="bug26182">
    </testcase>
    <testcase name="bug26696">
    </testcase>
    <testcase name="bug26866">
    </testcase>
    <testcase name="bug26869">
    </testcase>
    <testcase name="bug27354">
    </testcase>
    <testcase name="bug27439">
    </testcase>
    <testcase name="bug27443">
    </testcase>
    <testcase name="bug27535">
    </testcase>
    <testcase name="bug28213">
    </testcase>
    <testcase name="bug28800">
    </testcase>
    <testcase name="bug29566">
    </testcase>
    <testcase name="bug29893">
    </testcase>
    <testcase name="bug29944">
    </testcase>
    <testcase name="bug30578">
    </testcase>
    <testcase name="bug30638">
      <skipped message="" />
    </testcase>
    <testcase name="bug30726">
    </testcase>
    <testcase name="bug30862">
    </testcase>
    <testcase name="bug32828">
    </testcase>
    <testcase name="bug32924">
    </testcase>
    <testcase name="bug35176">
    </testcase>
    <testcase name="bug35382">
    </testcase>
    <testcase name="bug38579">
      <skipped message="" />
    </testcase>
    <testcase name="bug43958">
    </testcase>
    <testcase name="bug44654">
    </testcase>
    <testcase name="bug44827">
    </testcase>
    <testcase name="bug45392">
    </testcase>
    <testcase name="bug55754">
    </testcase>
    <testcase name="bug71897">
    </testcase>
    <testcase name="bug73172">
    </testcase>
    <testcase name="bug73329">
    </testcase>
    <testcase name="bug7515">
    </testcase>
    <testcase name="catchable_error_001">
    </testcase>
    <testcase name="catchable_error_002">
    </testcase>
    <testcase name="comments">
    </testcase>
    <testcase name="comments2">
    </testcase>
    <testcase name="compare_objects_basic1">
    </testcase>
    <testcase name="compare_objects_basic2">
    </testcase>
    <testcase name="each_binary_safety">
    </testcase>
    <testcase name="empty_variation">
    </testcase>
    <testcase name="engine_assignExecutionOrder_001">
    </testcase>
    <testcase name="engine_assignExecutionOrder_002">
    </testcase>
    <testcase name="engine_assignExecutionOrder_003">
    </testcase>
    <testcase name="engine_assignExecutionOrder_004">
    </testcase>
    <testcase name="engine_assignExecutionOrder_005">
    </testcase>
    <testcase name="engine_assignExecutionOrder_006">
    </testcase>
    <testcase name="engine_assignExecutionOrder_007">
    </testcase>
    <testcase name="engine_assignExecutionOrder_008">
    </testcase>
    <testcase name="engine_assignExecutionOrder_009">
    </testcase>
    <testcase name="error_2_exception_001">
    </testcase>
    <testcase name="execution_order">
    </testcase>
    <testcase name="foreachLoop.001">
    </testcase>
    <testcase name="foreachLoop.002">
    </testcase>
    <testcase name="foreachLoop.003">
    </testcase>
    <testcase name="foreachLoop.004">
    </testcase>
    <testcase name="foreachLoop.005">
    </testcase>
    <testcase name="foreachLoop.006">
    </testcase>
    <testcase name="foreachLoop.009">
    </testcase>
    <testcase name="foreachLoop.010">
    </testcase>
    <testcase name="foreachLoop.011">
    </testcase>
    <testcase name="foreachLoop.012">
    </testcase>
    <testcase name="foreachLoop.013">
    </testcase>
    <testcase name="foreachLoop.014">
    </testcase>
    <testcase name="foreachLoop.015">
    </testcase>
    <testcase name="foreachLoop.016">
    </testcase>
    <testcase name="foreachLoop.017">
    </testcase>
    <testcase name="foreachLoopIterator.001">
    </testcase>
    <testcase name="foreachLoopIterator.002">
    </testcase>
    <testcase name="foreachLoopIteratorAggregate.001">
    </testcase>
    <testcase name="foreachLoopIteratorAggregate.002">
    </testcase>
    <testcase name="foreachLoopIteratorAggregate.003">
    </testcase>
    <testcase name="foreachLoopIteratorAggregate.004">
    </testcase>
    <testcase name="foreachLoopObjects.001">
    </testcase>
    <testcase name="foreachLoopObjects.002">
    </testcase>
    <testcase name="foreachLoopObjects.003">
    </testcase>
    <testcase name="foreachLoopObjects.004">
    </testcase>
    <testcase name="foreachLoopObjects.005">
    </testcase>
    <testcase name="foreachLoopObjects.006">
    </testcase>
    <testcase name="foreach_with_object_001">
    </testcase>
    <testcase name="foreach_with_references_001">
    </testcase>
    <testcase name="func_get_arg.001">
    </testcase>
    <testcase name="func_get_arg.002">
    </testcase>
    <testcase name="func_get_arg.003">
    </testcase>
    <testcase name="func_get_arg.004">
    </testcase>
    <testcase name="func_get_arg.005">
    </testcase>
    <testcase name="func_get_arg_variation">
    </testcase>
    <testcase name="func_get_args.001">
    </testcase>
    <testcase name="func_get_args.002">
    </testcase>
    <testcase name="func_get_args.003">
    </testcase>
    <testcase name="func_get_args.004">
    </testcase>
    <testcase name="func_num_args.001">
    </testcase>
    <testcase name="func_num_args.002">
    </testcase>
    <testcase name="func_num_args.003">
    </testcase>
    <testcase name="func_num_args.004">
    </testcase>
    <testcase name="include_variation1">
    </testcase>
    <testcase name="include_variation2">
    </testcase>
    <testcase name="include_variation3">
    </testcase>
    <testcase name="invalid_octal">
    </testcase>
    <testcase name="passByReference_001">
    </testcase>
    <testcase name="passByReference_002">
    </testcase>
    <testcase name="passByReference_003">
    </testcase>
    <testcase name="passByReference_004">
    </testcase>
    <testcase name="passByReference_005">
    </testcase>
    <testcase name="passByReference_006">
    </testcase>
    <testcase name="passByReference_007">
    </testcase>
    <testcase name="passByReference_008">
    </testcase>
    <testcase name="passByReference_009">
    </testcase>
    <testcase name="passByReference_010">
    </testcase>
    <testcase name="passByReference_012">
    </testcase>
    <testcase name="returnByReference.001">
    </testcase>
    <testcase name="returnByReference.002">
    </testcase>
    <testcase name="returnByReference.003">
    </testcase>
    <testcase name="returnByReference.004">
    </testcase>
    <testcase name="returnByReference.005">
    </testcase>
    <testcase name="returnByReference.006">
    </testcase>
    <testcase name="returnByReference.007">
    </testcase>
    <testcase name="returnByReference.008">
    </testcase>
    <testcase name="returnByReference.009">
    </testcase>
    <testcase name="short_tags.001">
    </testcase>
    <testcase name="short_tags.002">
    </testcase>
    <testcase name="short_tags.004">
    </testcase>
    <testcase name="static_basic_001">
    </testcase>
    <testcase name="static_basic_002">
    </testcase>
    <testcase name="static_variation_001">
    </testcase>
    <testcase name="static_variation_002">
    </testcase>
    <testcase name="string_decimals_001">
    </testcase>
    <testcase name="this_assignment">
    </testcase>
    <testcase name="throw_variation_001">
    </testcase>
    <testcase name="type_hints_001">
    </testcase>
    <testcase name="type_hints_002">
    </testcase>
    <testcase name="type_hints_003">
    </testcase>
  </testsuite>
  <testsuite name="tests/lang/constants" tests="2" disabled="0" errors="0" failures="0" skipped="1">
    <testcase name="PHP_INT_32bit">
      <skipped message="" />
    </testcase>
    <testcase name="PHP_INT_64bit">
    </testcase>
  </testsuite>
  <testsuite name="tests/lang/operators" tests="64" disabled="0" errors="0" failures="0" skipped="6">
    <testcase name="add_basiclong_64bit">
    </testcase>
    <testcase name="add_variationStr">
    </testcase>
    <testcase name="bitwiseAnd_basiclong_64bit">
    </testcase>
    <testcase name="bitwiseAnd_variationStr">
    </testcase>
    <testcase name="bitwiseNot_basiclong_64bit">
    </testcase>
    <testcase name="bitwiseNot_variationStr">
    </testcase>
    <testcase name="bitwiseOr_basiclong_64bit">
    </testcase>
    <testcase name="bitwiseOr_variationStr">
    </testcase>
    <testcase name="bitwiseShiftLeft_basiclong_64bit">
    </testcase>
    <testcase name="bitwiseShiftLeft_variationStr">
    </testcase>
    <testcase name="bitwiseShiftLeft_variationStr2">
    </testcase>
    <testcase name="bitwiseShiftLeft_variationStr_64bit">
    </testcase>
    <testcase name="bitwiseShiftRight_basiclong_64bit">
    </testcase>
    <testcase name="bitwiseShiftRight_variationStr">
    </testcase>
    <testcase name="bitwiseShiftRight_variationStr2">
    </testcase>
    <testcase name="bitwiseXor_basiclong_64bit">
    </testcase>
    <testcase name="bitwiseXor_variationStr">
    </testcase>
    <testcase name="coalesce">
    </testcase>
    <testcase name="divide_basiclong_64bit">
    </testcase>
    <testcase name="divide_variationStr">
    </testcase>
    <testcase name="modulus_basiclong_64bit">
    </testcase>
    <testcase name="modulus_variationStr">
    </testcase>
    <testcase name="multiply_basiclong_64bit">
    </testcase>
    <testcase name="multiply_variationStr">
    </testcase>
    <testcase name="nan-comparison-false">
    </testcase>
    <testcase name="negate_basiclong_64bit">
    </testcase>
    <testcase name="negate_variationStr">
    </testcase>
    <testcase name="operator_equals_basic">
    </testcase>
    <testcase name="operator_equals_variation">
      <skipped message="" />
    </testcase>
    <testcase name="operator_equals_variation_64bit">
    </testcase>
    <testcase name="operator_gt_basic">
    </testcase>
    <testcase name="operator_gt_or_equal_basic">
    </testcase>
    <testcase name="operator_gt_or_equal_variation">
      <skipped message="" />
    </testcase>
    <testcase name="operator_gt_or_equal_variation_64bit">
    </testcase>
    <testcase name="operator_gt_variation">
    </testcase>
    <testcase name="operator_gt_variation_64bit">
    </testcase>
    <testcase name="operator_identical_basic">
    </testcase>
    <testcase name="operator_identical_recusion-01">
    </testcase>
    <testcase name="operator_identical_variation">
      <skipped message="" />
    </testcase>
    <testcase name="operator_identical_variation_64bit">
    </testcase>
    <testcase name="operator_lt_basic">
    </testcase>
    <testcase name="operator_lt_or_equal_basic">
    </testcase>
    <testcase name="operator_lt_or_equal_variation">
      <skipped message="" />
    </testcase>
    <testcase name="operator_lt_or_equal_variation_64bit">
    </testcase>
    <testcase name="operator_lt_variation">
    </testcase>
    <testcase name="operator_lt_variation_64bit">
    </testcase>
    <testcase name="operator_notequals_basic">
    </testcase>
    <testcase name="operator_notequals_variation">
      <skipped message="" />
    </testcase>
    <testcase name="operator_notequals_variation_64bit">
    </testcase>
    <testcase name="operator_notidentical_basic">
    </testcase>
    <testcase name="operator_notidentical_variation">
      <skipped message="" />
    </testcase>
    <testcase name="operator_notidentical_variation_64bit">
    </testcase>
    <testcase name="operator_spaceship_basic">
    </testcase>
    <testcase name="overloaded_property_ref">
    </testcase>
    <testcase name="postdec_basiclong_64bit">
    </testcase>
    <testcase name="postdec_variationStr">
    </testcase>
    <testcase name="postinc_basiclong_64bit">
    </testcase>
    <testcase name="postinc_variationStr">
    </testcase>
    <testcase name="predec_basiclong_64bit">
    </testcase>
    <testcase name="predec_variationStr">
    </testcase>
    <testcase name="preinc_basiclong_64bit">
    </testcase>
    <testcase name="preinc_variationStr">
    </testcase>
    <testcase name="subtract_basiclong_64bit">
    </testcase>
    <testcase name="subtract_variationStr">
    </testcase>
  </testsuite>
  <testsuite name="tests/lang/string" tests="9" disabled="0" errors="0" failures="0" skipped="0">
    <testcase name="unicode_escape">
    </testcase>
    <testcase name="unicode_escape_empty">
    </testcase>
    <testcase name="unicode_escape_incomplete">
    </testcase>
    <testcase name="unicode_escape_large_codepoint">
    </testcase>
    <testcase name="unicode_escape_legacy">
    </testcase>
    <testcase name="unicode_escape_sign">
    </testcase>
    <testcase name="unicode_escape_sign2">
    </testcase>
    <testcase name="unicode_escape_surrogates">
    </testcase>
    <testcase name="unicode_escape_whitespace">
    </testcase>
  </testsuite>
  <testsuite name="tests/output" tests="88" disabled="0" errors="0" failures="0" skipped="12">
    <testcase name="bug46897">
    </testcase>
    <testcase name="bug60282">
    </testcase>
    <testcase name="bug60321">
    </testcase>
    <testcase name="bug60322">
    </testcase>
    <testcase name="bug60768">
    </testcase>
    <testcase name="bug65593">
    </testcase>
    <testcase name="bug70970">
    </testcase>
    <testcase name="bug74725">
    </testcase>
    <testcase name="bug74815">
    </testcase>
    <testcase name="bug75236">
    </testcase>
    <testcase name="flush_basic_001">
    </testcase>
    <testcase name="flush_error_001">
    </testcase>
    <testcase name="ob_001">
    </testcase>
    <testcase name="ob_002">
    </testcase>
    <testcase name="ob_003">
    </testcase>
    <testcase name="ob_004">
    </testcase>
    <testcase name="ob_005">
    </testcase>
    <testcase name="ob_006">
    </testcase>
    <testcase name="ob_007">
    </testcase>
    <testcase name="ob_008">
    </testcase>
    <testcase name="ob_009">
    </testcase>
    <testcase name="ob_010">
    </testcase>
    <testcase name="ob_011">
    </testcase>
    <testcase name="ob_012">
    </testcase>
    <testcase name="ob_013">
    </testcase>
    <testcase name="ob_014">
    </testcase>
    <testcase name="ob_015">
    </testcase>
    <testcase name="ob_017">
    </testcase>
    <testcase name="ob_018">
    </testcase>
    <testcase name="ob_020">
    </testcase>
    <testcase name="ob_clean_basic_001">
    </testcase>
    <testcase name="ob_clean_error_001">
    </testcase>
    <testcase name="ob_end_clean_basic_001">
    </testcase>
    <testcase name="ob_end_clean_error_001">
    </testcase>
    <testcase name="ob_end_flush_basic_001">
    </testcase>
    <testcase name="ob_end_flush_error_001">
    </testcase>
    <testcase name="ob_flush_basic_001">
    </testcase>
    <testcase name="ob_flush_error_001">
    </testcase>
    <testcase name="ob_get_clean_basic_001">
    </testcase>
    <testcase name="ob_get_clean_basic_002">
    </testcase>
    <testcase name="ob_get_clean_error_001">
    </testcase>
    <testcase name="ob_get_contents_basic_001">
    </testcase>
    <testcase name="ob_get_contents_error_001">
    </testcase>
    <testcase name="ob_get_length_basic_001">
    </testcase>
    <testcase name="ob_get_length_error_001">
    </testcase>
    <testcase name="ob_get_level_basic_001">
    </testcase>
    <testcase name="ob_get_level_error_001">
    </testcase>
    <testcase name="ob_get_status">
    </testcase>
    <testcase name="ob_implicit_flush_basic_001">
    </testcase>
    <testcase name="ob_implicit_flush_basic_002">
    </testcase>
    <testcase name="ob_implicit_flush_error_001">
    </testcase>
    <testcase name="ob_implicit_flush_variation_001">
    </testcase>
    <testcase name="ob_start_basic_001">
    </testcase>
    <testcase name="ob_start_basic_002">
    </testcase>
    <testcase name="ob_start_basic_003">
    </testcase>
    <testcase name="ob_start_basic_004">
    </testcase>
    <testcase name="ob_start_basic_005">
    </testcase>
    <testcase name="ob_start_basic_006">
    </testcase>
    <testcase name="ob_start_basic_unerasable_001">
    </testcase>
    <testcase name="ob_start_basic_unerasable_002">
    </testcase>
    <testcase name="ob_start_basic_unerasable_003">
    </testcase>
    <testcase name="ob_start_basic_unerasable_004">
    </testcase>
    <testcase name="ob_start_basic_unerasable_005">
    </testcase>
    <testcase name="ob_start_callbacks">
    </testcase>
    <testcase name="ob_start_error_001">
    </testcase>
    <testcase name="ob_start_error_002">
    </testcase>
    <testcase name="ob_start_error_003">
    </testcase>
    <testcase name="ob_start_error_004">
    </testcase>
    <testcase name="ob_start_error_005">
    </testcase>
    <testcase name="sapi_windows_vt100_support_notwindows">
    </testcase>
    <testcase name="sapi_windows_vt100_support_winko_err">
      <skipped message="" />
    </testcase>
    <testcase name="sapi_windows_vt100_support_winko_in-err">
      <skipped message="" />
    </testcase>
    <testcase name="sapi_windows_vt100_support_winko_in-out-err">
      <skipped message="" />
    </testcase>
    <testcase name="sapi_windows_vt100_support_winko_in-out">
      <skipped message="" />
    </testcase>
    <testcase name="sapi_windows_vt100_support_winko_out-err">
      <skipped message="" />
    </testcase>
    <testcase name="sapi_windows_vt100_support_winko_out">
      <skipped message="" />
    </testcase>
    <testcase name="sapi_windows_vt100_support_winok_err">
      <skipped message="" />
    </testcase>
    <testcase name="sapi_windows_vt100_support_winok_in-err">
      <skipped message="" />
    </testcase>
    <testcase name="sapi_windows_vt100_support_winok_in-out-err">
      <skipped message="" />
    </testcase>
    <testcase name="sapi_windows_vt100_support_winok_in-out">
      <skipped message="" />
    </testcase>
    <testcase name="sapi_windows_vt100_support_winok_out-err">
      <skipped message="" />
    </testcase>
    <testcase name="sapi_windows_vt100_support_winok_out">
      <skipped message="" />
    </testcase>
    <testcase name="stream_isatty_err">
    </testcase>
    <testcase name="stream_isatty_in-err">
    </testcase>
    <testcase name="stream_isatty_in-out-err">
    </testcase>
    <testcase name="stream_isatty_in-out">
    </testcase>
    <testcase name="stream_isatty_out-err">
    </testcase>
    <testcase name="stream_isatty_out">
    </testcase>
  </testsuite>
  <testsuite name="tests/security" tests="48" disabled="0" errors="0" failures="1" skipped="3">
    <testcase name="bug53226">
    </testcase>
    <testcase name="open_basedir_001">
    </testcase>
    <testcase name="open_basedir_chdir">
    </testcase>
    <testcase name="open_basedir_chmod">
    </testcase>
    <testcase name="open_basedir_copy">
    </testcase>
    <testcase name="open_basedir_copy_variation1">
    </testcase>
    <testcase name="open_basedir_dir">
    </testcase>
    <testcase name="open_basedir_disk_free_space">
    </testcase>
    <testcase name="open_basedir_error_log">
    </testcase>
    <testcase name="open_basedir_error_log_variation">
    </testcase>
    <testcase name="open_basedir_file">
    </testcase>
    <testcase name="open_basedir_file_exists">
    </testcase>
    <testcase name="open_basedir_file_get_contents">
    </testcase>
    <testcase name="open_basedir_file_put_contents">
    </testcase>
    <testcase name="open_basedir_fileatime">
    </testcase>
    <testcase name="open_basedir_filectime">
    </testcase>
    <testcase name="open_basedir_filegroup">
    </testcase>
    <testcase name="open_basedir_fileinode">
    </testcase>
    <testcase name="open_basedir_filemtime">
    </testcase>
    <testcase name="open_basedir_fileowner">
    </testcase>
    <testcase name="open_basedir_fileperms">
    </testcase>
    <testcase name="open_basedir_filesize">
    </testcase>
    <testcase name="open_basedir_filetype">
    </testcase>
    <testcase name="open_basedir_fopen">
    </testcase>
    <testcase name="open_basedir_glob">
    </testcase>
    <testcase name="open_basedir_glob_variation">
    </testcase>
    <testcase name="open_basedir_is_dir">
    </testcase>
    <testcase name="open_basedir_is_executable">
    </testcase>
    <testcase name="open_basedir_is_file">
    </testcase>
    <testcase name="open_basedir_is_link">
    </testcase>
    <testcase name="open_basedir_is_readable">
    </testcase>
    <testcase name="open_basedir_is_writable">
    </testcase>
    <testcase name="open_basedir_link">
    </testcase>
    <testcase name="open_basedir_linkinfo">
      <failure message="" />
    </testcase>
    <testcase name="open_basedir_lstat">
    </testcase>
    <testcase name="open_basedir_mkdir">
      <skipped message="" />
    </testcase>
    <testcase name="open_basedir_opendir">
    </testcase>
    <testcase name="open_basedir_parse_ini_file">
      <skipped message="" />
    </testcase>
    <testcase name="open_basedir_readlink">
    </testcase>
    <testcase name="open_basedir_realpath">
      <skipped message="" />
    </testcase>
    <testcase name="open_basedir_rename">
    </testcase>
    <testcase name="open_basedir_rmdir">
    </testcase>
    <testcase name="open_basedir_scandir">
    </testcase>
    <testcase name="open_basedir_stat">
    </testcase>
    <testcase name="open_basedir_symlink">
    </testcase>
    <testcase name="open_basedir_tempnam">
    </testcase>
    <testcase name="open_basedir_touch">
    </testcase>
    <testcase name="open_basedir_unlink">
    </testcase>
  </testsuite>
  <testsuite name="tests/strings" tests="11" disabled="0" errors="0" failures="0" skipped="0">
    <testcase name="001">
    </testcase>
    <testcase name="002">
    </testcase>
    <testcase name="004">
    </testcase>
    <testcase name="bug22592">
    </testcase>
    <testcase name="bug26703">
    </testcase>
    <testcase name="offsets_chaining_1">
    </testcase>
    <testcase name="offsets_chaining_2">
    </testcase>
    <testcase name="offsets_chaining_3">
    </testcase>
    <testcase name="offsets_chaining_4">
    </testcase>
    <testcase name="offsets_chaining_5">
    </testcase>
    <testcase name="offsets_general">
    </testcase>
  </testsuite>
  <testsuite name="Zend" tests="1860" disabled="0" errors="0" failures="6" skipped="25">
    <testcase name="001">
    </testcase>
    <testcase name="002">
    </testcase>
    <testcase name="003">
    </testcase>
    <testcase name="004">
    </testcase>
    <testcase name="005">
    </testcase>
    <testcase name="006">
    </testcase>
    <testcase name="007">
    </testcase>
    <testcase name="008">
    </testcase>
    <testcase name="009">
    </testcase>
    <testcase name="010">
    </testcase>
    <testcase name="011">
    </testcase>
    <testcase name="012">
    </testcase>
    <testcase name="013">
    </testcase>
    <testcase name="014">
    </testcase>
    <testcase name="015">
    </testcase>
    <testcase name="016">
    </testcase>
    <testcase name="017">
    </testcase>
    <testcase name="018">
    </testcase>
    <testcase name="019">
    </testcase>
    <testcase name="020">
    </testcase>
    <testcase name="021">
    </testcase>
    <testcase name="022">
    </testcase>
    <testcase name="023">
    </testcase>
    <testcase name="024">
    </testcase>
    <testcase name="025">
    </testcase>
    <testcase name="026">
    </testcase>
    <testcase name="027">
    </testcase>
    <testcase name="028">
    </testcase>
    <testcase name="029">
    </testcase>
    <testcase name="030">
    </testcase>
    <testcase name="031">
    </testcase>
    <testcase name="032">
    </testcase>
    <testcase name="033">
    </testcase>
    <testcase name="034">
    </testcase>
    <testcase name="035">
    </testcase>
    <testcase name="036">
    </testcase>
    <testcase name="037">
    </testcase>
    <testcase name="038">
    </testcase>
    <testcase name="67468">
      <skipped message="" />
    </testcase>
    <testcase name="ArrayAccess_indirect_append">
    </testcase>
    <testcase name="ErrorException_getSeverity">
    </testcase>
    <testcase name="abstract-static">
    </testcase>
    <testcase name="abstract_inheritance_001">
    </testcase>
    <testcase name="abstract_inheritance_002">
    </testcase>
    <testcase name="abstract_inheritance_003">
    </testcase>
    <testcase name="access_modifiers_001">
    </testcase>
    <testcase name="access_modifiers_002">
    </testcase>
    <testcase name="access_modifiers_003">
    </testcase>
    <testcase name="access_modifiers_004">
    </testcase>
    <testcase name="access_modifiers_005">
    </testcase>
    <testcase name="access_modifiers_006">
    </testcase>
    <testcase name="access_modifiers_007">
    </testcase>
    <testcase name="access_modifiers_008">
      <failure message="" />
    </testcase>
    <testcase name="access_modifiers_009">
      <failure message="" />
    </testcase>
    <testcase name="access_modifiers_010">
    </testcase>
    <testcase name="access_modifiers_011">
    </testcase>
    <testcase name="access_modifiers_012">
    </testcase>
    <testcase name="access_modifiers_013">
    </testcase>
    <testcase name="add_001">
    </testcase>
    <testcase name="add_002">
    </testcase>
    <testcase name="add_003">
    </testcase>
    <testcase name="add_004">
    </testcase>
    <testcase name="add_005">
    </testcase>
    <testcase name="add_006">
    </testcase>
    <testcase name="add_007">
    </testcase>
    <testcase name="and_001">
    </testcase>
    <testcase name="anonymous_func_001">
    </testcase>
    <testcase name="anonymous_func_002">
    </testcase>
    <testcase name="anonymous_func_003">
    </testcase>
    <testcase name="argument_restriction_001">
    </testcase>
    <testcase name="argument_restriction_002">
    </testcase>
    <testcase name="argument_restriction_003">
    </testcase>
    <testcase name="argument_restriction_004">
    </testcase>
    <testcase name="argument_restriction_005">
    </testcase>
    <testcase name="argument_restriction_006">
    </testcase>
    <testcase name="array_addition_not_commutative">
    </testcase>
    <testcase name="array_append_COW">
    </testcase>
    <testcase name="array_hash_zero">
    </testcase>
    <testcase name="array_literal_next_element_error">
    </testcase>
    <testcase name="array_offset">
    </testcase>
    <testcase name="array_unshift_COW">
    </testcase>
    <testcase name="array_with_refs_identical">
    </testcase>
    <testcase name="assign_dim_obj_null_return">
    </testcase>
    <testcase name="assign_ref_error_var_handling">
    </testcase>
    <testcase name="assign_ref_to_overloaded_prop">
    </testcase>
    <testcase name="assign_to_obj_001">
    </testcase>
    <testcase name="assign_to_obj_002">
    </testcase>
    <testcase name="assign_to_var_001">
    </testcase>
    <testcase name="assign_to_var_002">
    </testcase>
    <testcase name="assign_to_var_003">
    </testcase>
    <testcase name="assign_to_var_004">
    </testcase>
    <testcase name="ast_serialize_backtick_literal">
    </testcase>
    <testcase name="binary-32bit">
      <skipped message="" />
    </testcase>
    <testcase name="binary">
    </testcase>
    <testcase name="break_error_001">
    </testcase>
    <testcase name="break_error_002">
    </testcase>
    <testcase name="break_error_003">
    </testcase>
    <testcase name="break_error_004">
    </testcase>
    <testcase name="bug18556">
    </testcase>
    <testcase name="bug19859">
    </testcase>
    <testcase name="bug20240">
    </testcase>
    <testcase name="bug20242">
    </testcase>
    <testcase name="bug21478">
    </testcase>
    <testcase name="bug21888">
    </testcase>
    <testcase name="bug22725">
    </testcase>
    <testcase name="bug22836">
    </testcase>
    <testcase name="bug23104">
    </testcase>
    <testcase name="bug24436">
    </testcase>
    <testcase name="bug24635">
    </testcase>
    <testcase name="bug24699">
    </testcase>
    <testcase name="bug24773">
    </testcase>
    <testcase name="bug24884">
    </testcase>
    <testcase name="bug26010">
    </testcase>
    <testcase name="bug26077">
    </testcase>
    <testcase name="bug26166">
    </testcase>
    <testcase name="bug26229">
    </testcase>
    <testcase name="bug26281">
    </testcase>
    <testcase name="bug26696">
    </testcase>
    <testcase name="bug26697">
    </testcase>
    <testcase name="bug26698">
    </testcase>
    <testcase name="bug26801">
    </testcase>
    <testcase name="bug26802">
    </testcase>
    <testcase name="bug27268">
    </testcase>
    <testcase name="bug27304">
    </testcase>
    <testcase name="bug27598">
    </testcase>
    <testcase name="bug27669">
    </testcase>
    <testcase name="bug27731">
    </testcase>
    <testcase name="bug27798">
    </testcase>
    <testcase name="bug28072">
    </testcase>
    <testcase name="bug28377">
    </testcase>
    <testcase name="bug28442">
    </testcase>
    <testcase name="bug28444">
    </testcase>
    <testcase name="bug29015">
    </testcase>
    <testcase name="bug29104">
    </testcase>
    <testcase name="bug29210">
    </testcase>
    <testcase name="bug29368">
    </testcase>
    <testcase name="bug29368_1">
    </testcase>
    <testcase name="bug29505">
    </testcase>
    <testcase name="bug29674">
    </testcase>
    <testcase name="bug29689">
    </testcase>
    <testcase name="bug29883">
    </testcase>
    <testcase name="bug29890">
    </testcase>
    <testcase name="bug29896">
    </testcase>
    <testcase name="bug29944">
    </testcase>
    <testcase name="bug30080">
    </testcase>
    <testcase name="bug30140">
    </testcase>
    <testcase name="bug30161">
    </testcase>
    <testcase name="bug30162">
    </testcase>
    <testcase name="bug30346">
    </testcase>
    <testcase name="bug30394">
    </testcase>
    <testcase name="bug30407">
    </testcase>
    <testcase name="bug30451">
    </testcase>
    <testcase name="bug30519">
    </testcase>
    <testcase name="bug30702">
    </testcase>
    <testcase name="bug30707">
    </testcase>
    <testcase name="bug30725">
    </testcase>
    <testcase name="bug30791">
    </testcase>
    <testcase name="bug30820">
    </testcase>
    <testcase name="bug30828">
    </testcase>
    <testcase name="bug30889">
    </testcase>
    <testcase name="bug30922">
    </testcase>
    <testcase name="bug30998">
    </testcase>
    <testcase name="bug31098">
    </testcase>
    <testcase name="bug31102">
    </testcase>
    <testcase name="bug31177-2">
    </testcase>
    <testcase name="bug31177">
    </testcase>
    <testcase name="bug31341">
    </testcase>
    <testcase name="bug31525">
    </testcase>
    <testcase name="bug31683">
    </testcase>
    <testcase name="bug31720">
    </testcase>
    <testcase name="bug32226">
    </testcase>
    <testcase name="bug32252">
    </testcase>
    <testcase name="bug32290">
    </testcase>
    <testcase name="bug32296">
    </testcase>
    <testcase name="bug32322">
    </testcase>
    <testcase name="bug32427">
    </testcase>
    <testcase name="bug32428">
    </testcase>
    <testcase name="bug32429">
    </testcase>
    <testcase name="bug32596">
    </testcase>
    <testcase name="bug32660">
    </testcase>
    <testcase name="bug32674">
    </testcase>
    <testcase name="bug32799">
    </testcase>
    <testcase name="bug32833">
    </testcase>
    <testcase name="bug32993">
    </testcase>
    <testcase name="bug33116">
    </testcase>
    <testcase name="bug33171">
    </testcase>
    <testcase name="bug33257">
    </testcase>
    <testcase name="bug33277">
    </testcase>
    <testcase name="bug33282">
    </testcase>
    <testcase name="bug33318">
    </testcase>
    <testcase name="bug33512">
    </testcase>
    <testcase name="bug33558">
    </testcase>
    <testcase name="bug33710">
    </testcase>
    <testcase name="bug33732">
    </testcase>
    <testcase name="bug33771">
    </testcase>
    <testcase name="bug33802">
    </testcase>
    <testcase name="bug33996">
    </testcase>
    <testcase name="bug33999">
    </testcase>
    <testcase name="bug34045">
    </testcase>
    <testcase name="bug34062">
    </testcase>
    <testcase name="bug34064">
    </testcase>
    <testcase name="bug34065">
    </testcase>
    <testcase name="bug34137">
    </testcase>
    <testcase name="bug34199">
    </testcase>
    <testcase name="bug34260">
    </testcase>
    <testcase name="bug34310">
    </testcase>
    <testcase name="bug34358">
    </testcase>
    <testcase name="bug34467">
    </testcase>
    <testcase name="bug34518">
    </testcase>
    <testcase name="bug34617">
    </testcase>
    <testcase name="bug34678">
    </testcase>
    <testcase name="bug34786">
    </testcase>
    <testcase name="bug34873">
    </testcase>
    <testcase name="bug34879">
    </testcase>
    <testcase name="bug34893">
    </testcase>
    <testcase name="bug35017">
    </testcase>
    <testcase name="bug35106">
    </testcase>
    <testcase name="bug35163">
    </testcase>
    <testcase name="bug35163_2">
    </testcase>
    <testcase name="bug35163_3">
    </testcase>
    <testcase name="bug35239">
    </testcase>
    <testcase name="bug35393">
    </testcase>
    <testcase name="bug35411">
    </testcase>
    <testcase name="bug35437">
    </testcase>
    <testcase name="bug35470">
    </testcase>
    <testcase name="bug35509">
    </testcase>
    <testcase name="bug35634">
    </testcase>
    <testcase name="bug35655">
    </testcase>
    <testcase name="bug36006">
    </testcase>
    <testcase name="bug36037">
    </testcase>
    <testcase name="bug36071">
    </testcase>
    <testcase name="bug36214">
    </testcase>
    <testcase name="bug36268">
    </testcase>
    <testcase name="bug36303">
    </testcase>
    <testcase name="bug36513">
    </testcase>
    <testcase name="bug36568">
    </testcase>
    <testcase name="bug36759">
    </testcase>
    <testcase name="bug37046">
    </testcase>
    <testcase name="bug37138">
    </testcase>
    <testcase name="bug37144">
    </testcase>
    <testcase name="bug37212">
    </testcase>
    <testcase name="bug37251">
    </testcase>
    <testcase name="bug37632">
    </testcase>
    <testcase name="bug37667">
    </testcase>
    <testcase name="bug37707">
    </testcase>
    <testcase name="bug37715">
    </testcase>
    <testcase name="bug37811">
    </testcase>
    <testcase name="bug38047">
    </testcase>
    <testcase name="bug38146">
    </testcase>
    <testcase name="bug38211">
    </testcase>
    <testcase name="bug38220">
    </testcase>
    <testcase name="bug38234">
    </testcase>
    <testcase name="bug38287">
    </testcase>
    <testcase name="bug38461">
    </testcase>
    <testcase name="bug38469">
    </testcase>
    <testcase name="bug38623">
    </testcase>
    <testcase name="bug38624">
    </testcase>
    <testcase name="bug38772">
    </testcase>
    <testcase name="bug38779">
    </testcase>
    <testcase name="bug38779_1">
    </testcase>
    <testcase name="bug38808">
    </testcase>
    <testcase name="bug38942">
    </testcase>
    <testcase name="bug39003">
    </testcase>
    <testcase name="bug39017">
    </testcase>
    <testcase name="bug39018">
    </testcase>
    <testcase name="bug39018_2">
    </testcase>
    <testcase name="bug39036">
    </testcase>
    <testcase name="bug39127">
    </testcase>
    <testcase name="bug39297">
    </testcase>
    <testcase name="bug39304">
    </testcase>
    <testcase name="bug39346">
    </testcase>
    <testcase name="bug39438">
    </testcase>
    <testcase name="bug39445">
    </testcase>
    <testcase name="bug39449">
    </testcase>
    <testcase name="bug39542">
    </testcase>
    <testcase name="bug39602">
    </testcase>
    <testcase name="bug39721">
    </testcase>
    <testcase name="bug39775">
    </testcase>
    <testcase name="bug39825">
    </testcase>
    <testcase name="bug39944">
    </testcase>
    <testcase name="bug39990">
    </testcase>
    <testcase name="bug40236">
    </testcase>
    <testcase name="bug40261">
    </testcase>
    <testcase name="bug40509">
    </testcase>
    <testcase name="bug40621">
    </testcase>
    <testcase name="bug40705">
    </testcase>
    <testcase name="bug40757">
    </testcase>
    <testcase name="bug40770">
    </testcase>
    <testcase name="bug40784">
    </testcase>
    <testcase name="bug40809">
    </testcase>
    <testcase name="bug40815">
    </testcase>
    <testcase name="bug40833">
    </testcase>
    <testcase name="bug40899">
    </testcase>
    <testcase name="bug41026">
    </testcase>
    <testcase name="bug41075">
    </testcase>
    <testcase name="bug41117_1">
    </testcase>
    <testcase name="bug41209">
    </testcase>
    <testcase name="bug41351">
    </testcase>
    <testcase name="bug41351_2">
    </testcase>
    <testcase name="bug41351_3">
    </testcase>
    <testcase name="bug41372">
    </testcase>
    <testcase name="bug41401">
    </testcase>
    <testcase name="bug41421">
    </testcase>
    <testcase name="bug41633_1">
    </testcase>
    <testcase name="bug41633_2">
    </testcase>
    <testcase name="bug41633_3">
    </testcase>
    <testcase name="bug41633_4">
    </testcase>
    <testcase name="bug41640">
    </testcase>
    <testcase name="bug41813">
    </testcase>
    <testcase name="bug41919">
    </testcase>
    <testcase name="bug41929">
    </testcase>
    <testcase name="bug41961">
    </testcase>
    <testcase name="bug42143">
    </testcase>
    <testcase name="bug42211">
    </testcase>
    <testcase name="bug42767">
    </testcase>
    <testcase name="bug42772">
    </testcase>
    <testcase name="bug42798">
    </testcase>
    <testcase name="bug42802">
    </testcase>
    <testcase name="bug42817">
    </testcase>
    <testcase name="bug42818">
    </testcase>
    <testcase name="bug42819">
    </testcase>
    <testcase name="bug42820">
    </testcase>
    <testcase name="bug42859">
    </testcase>
    <testcase name="bug42937">
    </testcase>
    <testcase name="bug43027">
    </testcase>
    <testcase name="bug43053">
    </testcase>
    <testcase name="bug43128">
    </testcase>
    <testcase name="bug43175">
    </testcase>
    <testcase name="bug43183">
    </testcase>
    <testcase name="bug43200">
    </testcase>
    <testcase name="bug43200_2">
    </testcase>
    <testcase name="bug43201">
    </testcase>
    <testcase name="bug43323">
    </testcase>
    <testcase name="bug43332_1">
    </testcase>
    <testcase name="bug43332_2">
    </testcase>
    <testcase name="bug43343">
    </testcase>
    <testcase name="bug43344_1">
    </testcase>
    <testcase name="bug43344_10">
    </testcase>
    <testcase name="bug43344_11">
    </testcase>
    <testcase name="bug43344_12">
    </testcase>
    <testcase name="bug43344_13">
    </testcase>
    <testcase name="bug43344_2">
    </testcase>
    <testcase name="bug43344_3">
    </testcase>
    <testcase name="bug43344_4">
    </testcase>
    <testcase name="bug43344_5">
    </testcase>
    <testcase name="bug43344_6">
    </testcase>
    <testcase name="bug43344_7">
    </testcase>
    <testcase name="bug43344_8">
    </testcase>
    <testcase name="bug43344_9">
    </testcase>
    <testcase name="bug43426">
    </testcase>
    <testcase name="bug43450">
    </testcase>
    <testcase name="bug43483">
    </testcase>
    <testcase name="bug43651">
    </testcase>
    <testcase name="bug43703">
    </testcase>
    <testcase name="bug43851">
    </testcase>
    <testcase name="bug43918">
    </testcase>
    <testcase name="bug44069">
    </testcase>
    <testcase name="bug44141">
    </testcase>
    <testcase name="bug44184">
    </testcase>
    <testcase name="bug44414">
    </testcase>
    <testcase name="bug44653">
    </testcase>
    <testcase name="bug44660">
    </testcase>
    <testcase name="bug44827">
    </testcase>
    <testcase name="bug44830">
    </testcase>
    <testcase name="bug44899">
    </testcase>
    <testcase name="bug44899_2">
    </testcase>
    <testcase name="bug44913">
    </testcase>
    <testcase name="bug45147">
    </testcase>
    <testcase name="bug45180">
    </testcase>
    <testcase name="bug45186">
    </testcase>
    <testcase name="bug45186_2">
    </testcase>
    <testcase name="bug45742">
    </testcase>
    <testcase name="bug45744">
    </testcase>
    <testcase name="bug45805">
    </testcase>
    <testcase name="bug45862">
    </testcase>
    <testcase name="bug45877">
    </testcase>
    <testcase name="bug45910">
    </testcase>
    <testcase name="bug45910_2">
    </testcase>
    <testcase name="bug46106">
    </testcase>
    <testcase name="bug46196">
    </testcase>
    <testcase name="bug46238">
    </testcase>
    <testcase name="bug46241">
    </testcase>
    <testcase name="bug46246">
    </testcase>
    <testcase name="bug46304">
    </testcase>
    <testcase name="bug46308">
    </testcase>
    <testcase name="bug46381">
    </testcase>
    <testcase name="bug46409">
    </testcase>
    <testcase name="bug46665">
    </testcase>
    <testcase name="bug46701">
      <skipped message="" />
    </testcase>
    <testcase name="bug46811">
    </testcase>
    <testcase name="bug46813">
    </testcase>
    <testcase name="bug47054">
    </testcase>
    <testcase name="bug47109">
    </testcase>
    <testcase name="bug47165">
    </testcase>
    <testcase name="bug47320">
    </testcase>
    <testcase name="bug47343">
    </testcase>
    <testcase name="bug47353">
    </testcase>
    <testcase name="bug47516">
    </testcase>
    <testcase name="bug47572">
    </testcase>
    <testcase name="bug47593">
    </testcase>
    <testcase name="bug47596">
    </testcase>
    <testcase name="bug47699">
    </testcase>
    <testcase name="bug47704">
    </testcase>
    <testcase name="bug47714">
    </testcase>
    <testcase name="bug47771">
    </testcase>
    <testcase name="bug47801">
    </testcase>
    <testcase name="bug47836">
    </testcase>
    <testcase name="bug47880">
    </testcase>
    <testcase name="bug47981">
    </testcase>
    <testcase name="bug48004">
    </testcase>
    <testcase name="bug48215">
    </testcase>
    <testcase name="bug48215_2">
    </testcase>
    <testcase name="bug48228">
    </testcase>
    <testcase name="bug48248">
    </testcase>
    <testcase name="bug48408">
    </testcase>
    <testcase name="bug48409">
    </testcase>
    <testcase name="bug48428">
    </testcase>
    <testcase name="bug48533">
    </testcase>
    <testcase name="bug48667_1">
    </testcase>
    <testcase name="bug48667_2">
    </testcase>
    <testcase name="bug48693">
    </testcase>
    <testcase name="bug48770">
      <failure message="" />
    </testcase>
    <testcase name="bug48770_2">
      <failure message="" />
    </testcase>
    <testcase name="bug48770_3">
      <failure message="" />
    </testcase>
    <testcase name="bug48899">
    </testcase>
    <testcase name="bug48912">
    </testcase>
    <testcase name="bug48930">
    </testcase>
    <testcase name="bug49269">
    </testcase>
    <testcase name="bug49472">
    </testcase>
    <testcase name="bug49866">
    </testcase>
    <testcase name="bug49893">
    </testcase>
    <testcase name="bug49908">
    </testcase>
    <testcase name="bug50005">
    </testcase>
    <testcase name="bug50146">
    </testcase>
    <testcase name="bug50174">
    </testcase>
    <testcase name="bug50255">
    </testcase>
    <testcase name="bug50261">
    </testcase>
    <testcase name="bug50383">
    </testcase>
    <testcase name="bug50394">
    </testcase>
    <testcase name="bug50810">
    </testcase>
    <testcase name="bug50816">
    </testcase>
    <testcase name="bug51176">
    </testcase>
    <testcase name="bug51394">
    </testcase>
    <testcase name="bug51421">
    </testcase>
    <testcase name="bug51791">
    </testcase>
    <testcase name="bug51822">
    </testcase>
    <testcase name="bug51827">
    </testcase>
    <testcase name="bug52001">
    </testcase>
    <testcase name="bug52041">
    </testcase>
    <testcase name="bug52051">
    </testcase>
    <testcase name="bug52060">
    </testcase>
    <testcase name="bug52160">
    </testcase>
    <testcase name="bug52193">
    </testcase>
    <testcase name="bug52237">
    </testcase>
    <testcase name="bug52355">
    </testcase>
    <testcase name="bug52361">
    </testcase>
    <testcase name="bug52484">
    </testcase>
    <testcase name="bug52484_2">
    </testcase>
    <testcase name="bug52484_3">
    </testcase>
    <testcase name="bug52508">
    </testcase>
    <testcase name="bug52614">
    </testcase>
    <testcase name="bug52879">
    </testcase>
    <testcase name="bug52939">
    </testcase>
    <testcase name="bug52940">
    </testcase>
    <testcase name="bug53305">
    </testcase>
    <testcase name="bug53347">
    </testcase>
    <testcase name="bug53432">
    </testcase>
    <testcase name="bug53511">
    </testcase>
    <testcase name="bug53629">
    </testcase>
    <testcase name="bug53632">
    </testcase>
    <testcase name="bug53727">
    </testcase>
    <testcase name="bug53748">
    </testcase>
    <testcase name="bug53958">
    </testcase>
    <testcase name="bug53971">
    </testcase>
    <testcase name="bug54013">
    </testcase>
    <testcase name="bug54039">
    </testcase>
    <testcase name="bug54043">
    </testcase>
    <testcase name="bug54262">
    </testcase>
    <testcase name="bug54265">
    </testcase>
    <testcase name="bug54268">
    </testcase>
    <testcase name="bug54305">
    </testcase>
    <testcase name="bug54358">
    </testcase>
    <testcase name="bug54367">
    </testcase>
    <testcase name="bug54372">
    </testcase>
    <testcase name="bug54547">
    </testcase>
    <testcase name="bug54585">
    </testcase>
    <testcase name="bug54624">
    </testcase>
    <testcase name="bug54804">
    </testcase>
    <testcase name="bug54910">
    </testcase>
    <testcase name="bug55007">
    </testcase>
    <testcase name="bug55086">
    </testcase>
    <testcase name="bug55135">
    </testcase>
    <testcase name="bug55156">
    </testcase>
    <testcase name="bug55247">
    </testcase>
    <testcase name="bug55305">
    </testcase>
    <testcase name="bug55445">
    </testcase>
    <testcase name="bug55509">
    </testcase>
    <testcase name="bug55578">
    </testcase>
    <testcase name="bug55705">
    </testcase>
    <testcase name="bug55825">
    </testcase>
    <testcase name="bug60099">
    </testcase>
    <testcase name="bug60138">
    </testcase>
    <testcase name="bug60139">
    </testcase>
    <testcase name="bug60169">
    </testcase>
    <testcase name="bug60350">
    </testcase>
    <testcase name="bug60362">
    </testcase>
    <testcase name="bug60444">
    </testcase>
    <testcase name="bug60536_001">
    </testcase>
    <testcase name="bug60536_002">
    </testcase>
    <testcase name="bug60536_003">
    </testcase>
    <testcase name="bug60536_004">
    </testcase>
    <testcase name="bug60536_005">
    </testcase>
    <testcase name="bug60569">
    </testcase>
    <testcase name="bug60573">
    </testcase>
    <testcase name="bug60598">
    </testcase>
    <testcase name="bug60611">
    </testcase>
    <testcase name="bug60613">
    </testcase>
    <testcase name="bug60738">
    </testcase>
    <testcase name="bug60738_variation">
    </testcase>
    <testcase name="bug60771">
    </testcase>
    <testcase name="bug60825">
    </testcase>
    <testcase name="bug60833">
    </testcase>
    <testcase name="bug60909_1">
    </testcase>
    <testcase name="bug60909_2">
    </testcase>
    <testcase name="bug60978">
    </testcase>
    <testcase name="bug61011">
    </testcase>
    <testcase name="bug61025">
    </testcase>
    <testcase name="bug61087">
    </testcase>
    <testcase name="bug61095">
    </testcase>
    <testcase name="bug61165">
    </testcase>
    <testcase name="bug61225">
    </testcase>
    <testcase name="bug61273">
    </testcase>
    <testcase name="bug61362">
    </testcase>
    <testcase name="bug61681">
    </testcase>
    <testcase name="bug61761">
    </testcase>
    <testcase name="bug61767">
    </testcase>
    <testcase name="bug61782">
    </testcase>
    <testcase name="bug61970">
    </testcase>
    <testcase name="bug61970_1">
    </testcase>
    <testcase name="bug61970_2">
    </testcase>
    <testcase name="bug62005">
    </testcase>
    <testcase name="bug62097">
      <skipped message="" />
    </testcase>
    <testcase name="bug62343">
    </testcase>
    <testcase name="bug62358">
    </testcase>
    <testcase name="bug62441">
    </testcase>
    <testcase name="bug62653">
    </testcase>
    <testcase name="bug62680">
    </testcase>
    <testcase name="bug62763">
    </testcase>
    <testcase name="bug62814">
    </testcase>
    <testcase name="bug62892">
    </testcase>
    <testcase name="bug62907">
    </testcase>
    <testcase name="bug62956">
    </testcase>
    <testcase name="bug62991">
    </testcase>
    <testcase name="bug63055">
    </testcase>
    <testcase name="bug63111">
    </testcase>
    <testcase name="bug63173">
    </testcase>
    <testcase name="bug63217">
    </testcase>
    <testcase name="bug63219">
    </testcase>
    <testcase name="bug63305">
    </testcase>
    <testcase name="bug63336">
    </testcase>
    <testcase name="bug63462">
    </testcase>
    <testcase name="bug63468">
    </testcase>
    <testcase name="bug63635">
    </testcase>
    <testcase name="bug63734">
    </testcase>
    <testcase name="bug63741">
    </testcase>
    <testcase name="bug63762">
    </testcase>
    <testcase name="bug63882">
    </testcase>
    <testcase name="bug63976">
    </testcase>
    <testcase name="bug63982">
    </testcase>
    <testcase name="bug64135">
    </testcase>
    <testcase name="bug64239_1">
    </testcase>
    <testcase name="bug64239_2">
    </testcase>
    <testcase name="bug64239_3">
    </testcase>
    <testcase name="bug64239_4">
    </testcase>
    <testcase name="bug64354">
    </testcase>
    <testcase name="bug64417">
    </testcase>
    <testcase name="bug64515">
    </testcase>
    <testcase name="bug64555">
    </testcase>
    <testcase name="bug64578">
    </testcase>
    <testcase name="bug64660">
    </testcase>
    <testcase name="bug64677">
    </testcase>
    <testcase name="bug64720">
    </testcase>
    <testcase name="bug64821.1">
    </testcase>
    <testcase name="bug64821.2">
    </testcase>
    <testcase name="bug64821.3">
    </testcase>
    <testcase name="bug64896">
    </testcase>
    <testcase name="bug64960">
    </testcase>
    <testcase name="bug64966">
    </testcase>
    <testcase name="bug64979">
    </testcase>
    <testcase name="bug64988">
    </testcase>
    <testcase name="bug65051">
    </testcase>
    <testcase name="bug65108">
    </testcase>
    <testcase name="bug65254">
    </testcase>
    <testcase name="bug65291">
    </testcase>
    <testcase name="bug65322">
    </testcase>
    <testcase name="bug65372">
    </testcase>
    <testcase name="bug65419">
    </testcase>
    <testcase name="bug65579">
    </testcase>
    <testcase name="bug65784">
    </testcase>
    <testcase name="bug65911">
    </testcase>
    <testcase name="bug65969">
    </testcase>
    <testcase name="bug66015">
    </testcase>
    <testcase name="bug66218">
    </testcase>
    <testcase name="bug66252">
    </testcase>
    <testcase name="bug66286">
    </testcase>
    <testcase name="bug66608">
    </testcase>
    <testcase name="bug66609">
    </testcase>
    <testcase name="bug66660">
    </testcase>
    <testcase name="bug66811">
    </testcase>
    <testcase name="bug67111">
    </testcase>
    <testcase name="bug67169">
    </testcase>
    <testcase name="bug67314">
    </testcase>
    <testcase name="bug67368">
    </testcase>
    <testcase name="bug67633">
    </testcase>
    <testcase name="bug67856">
    </testcase>
    <testcase name="bug67858">
    </testcase>
    <testcase name="bug67874">
    </testcase>
    <testcase name="bug67922">
    </testcase>
    <testcase name="bug67938">
    </testcase>
    <testcase name="bug67985">
    </testcase>
    <testcase name="bug68118">
    </testcase>
    <testcase name="bug68148">
    </testcase>
    <testcase name="bug68162">
    </testcase>
    <testcase name="bug68163">
    </testcase>
    <testcase name="bug68191">
    </testcase>
    <testcase name="bug68215">
    </testcase>
    <testcase name="bug68262">
    </testcase>
    <testcase name="bug68370">
    </testcase>
    <testcase name="bug68412">
    </testcase>
[...]
    </testcase>
    <testcase name="gzfile_basic2">
    </testcase>
    <testcase name="gzfile_error">
    </testcase>
    <testcase name="gzfile_variation1">
    </testcase>
    <testcase name="gzfile_variation10">
    </testcase>
    <testcase name="gzfile_variation11">
    </testcase>
    <testcase name="gzfile_variation12">
    </testcase>
    <testcase name="gzfile_variation13">
    </testcase>
    <testcase name="gzfile_variation14">
    </testcase>
    <testcase name="gzfile_variation15">
    </testcase>
    <testcase name="gzfile_variation2">
    </testcase>
    <testcase name="gzfile_variation3">
    </testcase>
    <testcase name="gzfile_variation4">
    </testcase>
    <testcase name="gzfile_variation5">
    </testcase>
    <testcase name="gzfile_variation6">
    </testcase>
    <testcase name="gzfile_variation7">
    </testcase>
    <testcase name="gzfile_variation8">
    </testcase>
    <testcase name="gzfile_variation9">
    </testcase>
    <testcase name="gzfilegzreadfile">
    </testcase>
    <testcase name="gzgetc_basic">
      <skipped message="" />
    </testcase>
    <testcase name="gzgetc_basic_1">
    </testcase>
    <testcase name="gzgetc_error">
    </testcase>
    <testcase name="gzgets_basic">
    </testcase>
    <testcase name="gzgets_error">
    </testcase>
    <testcase name="gzgetss">
    </testcase>
    <testcase name="gzinflate-bug42663">
    </testcase>
    <testcase name="gzinflate_error1">
    </testcase>
    <testcase name="gzinflate_length">
    </testcase>
    <testcase name="gzopen_basic">
    </testcase>
    <testcase name="gzopen_basic2">
    </testcase>
    <testcase name="gzopen_error">
    </testcase>
    <testcase name="gzopen_variation1">
    </testcase>
    <testcase name="gzopen_variation2">
    </testcase>
    <testcase name="gzopen_variation3">
    </testcase>
    <testcase name="gzopen_variation4">
    </testcase>
    <testcase name="gzopen_variation5">
    </testcase>
    <testcase name="gzopen_variation6">
    </testcase>
    <testcase name="gzopen_variation7">
    </testcase>
    <testcase name="gzopen_variation8">
    </testcase>
    <testcase name="gzopen_variation9">
    </testcase>
    <testcase name="gzpassthru_basic">
    </testcase>
    <testcase name="gzpassthru_error">
    </testcase>
    <testcase name="gzputs_basic">
    </testcase>
    <testcase name="gzread_basic">
    </testcase>
    <testcase name="gzread_error">
    </testcase>
    <testcase name="gzread_error2">
    </testcase>
    <testcase name="gzread_variation1">
    </testcase>
    <testcase name="gzreadgzwrite">
    </testcase>
    <testcase name="gzreadgzwriteplain">
    </testcase>
    <testcase name="gzrewind_basic">
    </testcase>
    <testcase name="gzrewind_basic2">
    </testcase>
    <testcase name="gzrewind_error">
    </testcase>
    <testcase name="gzrewind_variation1">
    </testcase>
    <testcase name="gzseek_basic">
    </testcase>
    <testcase name="gzseek_basic2">
    </testcase>
    <testcase name="gzseek_error">
    </testcase>
    <testcase name="gzseek_variation1">
    </testcase>
    <testcase name="gzseek_variation2">
    </testcase>
    <testcase name="gzseek_variation3">
    </testcase>
    <testcase name="gzseek_variation4">
    </testcase>
    <testcase name="gzseek_variation5">
    </testcase>
    <testcase name="gzseek_variation6">
    </testcase>
    <testcase name="gzseek_variation7">
    </testcase>
    <testcase name="gztell_basic">
    </testcase>
    <testcase name="gztell_basic2">
    </testcase>
    <testcase name="gztell_error">
    </testcase>
    <testcase name="gzuncompress_basic1">
    </testcase>
    <testcase name="gzuncompress_error1">
    </testcase>
    <testcase name="gzwrite_basic">
    </testcase>
    <testcase name="gzwrite_error">
    </testcase>
    <testcase name="gzwrite_error2">
    </testcase>
    <testcase name="gzwrite_variation1">
    </testcase>
    <testcase name="inflate_add_basic">
    </testcase>
    <testcase name="inflate_add_error">
    </testcase>
    <testcase name="inflate_get_read_len">
    </testcase>
    <testcase name="inflate_get_status">
    </testcase>
    <testcase name="inflate_init_error">
    </testcase>
    <testcase name="inflate_init_reuse">
    </testcase>
    <testcase name="ob_001">
    </testcase>
    <testcase name="ob_002">
    </testcase>
    <testcase name="ob_003">
    </testcase>
    <testcase name="ob_004">
    </testcase>
    <testcase name="ob_005">
    </testcase>
    <testcase name="ob_gzhandler_legacy_002">
    </testcase>
    <testcase name="readgzfile_basic">
    </testcase>
    <testcase name="readgzfile_basic2">
    </testcase>
    <testcase name="readgzfile_error">
    </testcase>
    <testcase name="readgzfile_variation1">
    </testcase>
    <testcase name="readgzfile_variation10">
    </testcase>
    <testcase name="readgzfile_variation11">
    </testcase>
    <testcase name="readgzfile_variation12">
    </testcase>
    <testcase name="readgzfile_variation13">
    </testcase>
    <testcase name="readgzfile_variation14">
    </testcase>
    <testcase name="readgzfile_variation15">
    </testcase>
    <testcase name="readgzfile_variation2">
    </testcase>
    <testcase name="readgzfile_variation3">
    </testcase>
    <testcase name="readgzfile_variation4">
    </testcase>
    <testcase name="readgzfile_variation5">
    </testcase>
    <testcase name="readgzfile_variation6">
    </testcase>
    <testcase name="readgzfile_variation7">
    </testcase>
    <testcase name="readgzfile_variation8">
    </testcase>
    <testcase name="readgzfile_variation9">
    </testcase>
    <testcase name="zlib_filter_deflate">
    </testcase>
    <testcase name="zlib_filter_deflate2">
    </testcase>
    <testcase name="zlib_filter_inflate">
    </testcase>
    <testcase name="zlib_filter_inflate2">
    </testcase>
    <testcase name="zlib_get_coding_type_basic">
    </testcase>
    <testcase name="zlib_get_coding_type_br">
    </testcase>
    <testcase name="zlib_get_coding_type_deflate">
    </testcase>
    <testcase name="zlib_get_coding_type_gzip">
    </testcase>
    <testcase name="zlib_scheme_copy_basic">
    </testcase>
    <testcase name="zlib_scheme_copy_variation1">
    </testcase>
    <testcase name="zlib_scheme_copy_variation2">
    </testcase>
    <testcase name="zlib_scheme_dir_basic">
    </testcase>
    <testcase name="zlib_scheme_file_basic">
    </testcase>
    <testcase name="zlib_scheme_file_get_contents_basic">
    </testcase>
    <testcase name="zlib_scheme_file_put_contents_basic">
    </testcase>
    <testcase name="zlib_scheme_file_read_file_basic">
    </testcase>
    <testcase name="zlib_scheme_fopen_basic">
    </testcase>
    <testcase name="zlib_scheme_fopen_variation1">
    </testcase>
    <testcase name="zlib_scheme_rename_basic">
    </testcase>
    <testcase name="zlib_scheme_stat_basic">
    </testcase>
    <testcase name="zlib_scheme_stat_basic2">
    </testcase>
    <testcase name="zlib_scheme_unlink_basic">
    </testcase>
    <testcase name="zlib_wrapper_fflush_basic">
    </testcase>
    <testcase name="zlib_wrapper_flock_basic">
    </testcase>
    <testcase name="zlib_wrapper_fstat_basic">
    </testcase>
    <testcase name="zlib_wrapper_ftruncate_basic">
    </testcase>
    <testcase name="zlib_wrapper_level">
    </testcase>
    <testcase name="zlib_wrapper_meta_data_basic">
    </testcase>
  </testsuite>
  <testsuite name="sapi/cgi" tests="16" disabled="0" errors="0" failures="0" skipped="2">
    <testcase name="001">
    </testcase>
    <testcase name="002">
    </testcase>
    <testcase name="003">
    </testcase>
    <testcase name="004">
    </testcase>
    <testcase name="005-win32">
      <skipped message="" />
    </testcase>
    <testcase name="005">
    </testcase>
    <testcase name="006">
    </testcase>
    <testcase name="007">
    </testcase>
    <testcase name="008">
    </testcase>
    <testcase name="009">
    </testcase>
    <testcase name="010">
    </testcase>
    <testcase name="011">
    </testcase>
    <testcase name="apache_request_headers">
    </testcase>
    <testcase name="apache_response_headers">
    </testcase>
    <testcase name="bug61605">
    </testcase>
    <testcase name="bug75574_utf8_win">
      <skipped message="" />
    </testcase>
  </testsuite>
  <testsuite name="sapi/cli" tests="83" disabled="0" errors="0" failures="0" skipped="9">
    <testcase name="001">
    </testcase>
    <testcase name="002-win32">
      <skipped message="" />
    </testcase>
    <testcase name="002">
    </testcase>
    <testcase name="003-2">
    </testcase>
    <testcase name="003">
    </testcase>
    <testcase name="004">
    </testcase>
    <testcase name="005">
    </testcase>
    <testcase name="006">
    </testcase>
    <testcase name="007">
    </testcase>
    <testcase name="008">
    </testcase>
    <testcase name="009">
    </testcase>
    <testcase name="010-2">
    </testcase>
    <testcase name="010">
    </testcase>
    <testcase name="011">
    </testcase>
    <testcase name="012-2">
    </testcase>
    <testcase name="012">
    </testcase>
    <testcase name="013">
    </testcase>
    <testcase name="014">
    </testcase>
    <testcase name="015">
    </testcase>
    <testcase name="016">
      <skipped message="" />
    </testcase>
    <testcase name="017">
      <skipped message="" />
    </testcase>
    <testcase name="018">
    </testcase>
    <testcase name="019">
    </testcase>
    <testcase name="020">
    </testcase>
    <testcase name="021">
    </testcase>
    <testcase name="022">
    </testcase>
    <testcase name="023">
    </testcase>
    <testcase name="argv_mb">
      <skipped message="" />
    </testcase>
    <testcase name="argv_mb_bug77111">
      <skipped message="" />
    </testcase>
    <testcase name="bug43177">
    </testcase>
    <testcase name="bug44564">
      <skipped message="" />
    </testcase>
    <testcase name="bug61546">
    </testcase>
    <testcase name="bug61679">
    </testcase>
    <testcase name="bug61977">
    </testcase>
    <testcase name="bug64529">
      <skipped message="" />
    </testcase>
    <testcase name="bug64544">
    </testcase>
    <testcase name="bug64878">
    </testcase>
    <testcase name="bug65066_100">
    </testcase>
    <testcase name="bug65066_422">
    </testcase>
    <testcase name="bug65066_511">
    </testcase>
    <testcase name="bug65633">
    </testcase>
    <testcase name="bug66606_1">
    </testcase>
    <testcase name="bug66606_2">
    </testcase>
    <testcase name="bug66830">
    </testcase>
    <testcase name="bug67429">
    </testcase>
    <testcase name="bug67741">
    </testcase>
    <testcase name="bug68291">
    </testcase>
    <testcase name="bug68745">
    </testcase>
    <testcase name="bug69655">
    </testcase>
    <testcase name="bug69953">
    </testcase>
    <testcase name="bug70006">
    </testcase>
    <testcase name="bug70264">
    </testcase>
    <testcase name="bug70470">
    </testcase>
    <testcase name="bug71005">
    </testcase>
    <testcase name="bug71624">
    </testcase>
    <testcase name="bug74600">
    </testcase>
    <testcase name="cli_get_process_title_basic">
    </testcase>
    <testcase name="cli_get_process_title_error">
    </testcase>
    <testcase name="cli_process_title_unix">
    </testcase>
    <testcase name="cli_process_title_windows">
      <skipped message="" />
    </testcase>
    <testcase name="cli_set_process_title_basic">
    </testcase>
    <testcase name="cli_set_process_title_error">
    </testcase>
    <testcase name="emptyheader">
    </testcase>
    <testcase name="php_cli_server_001">
    </testcase>
    <testcase name="php_cli_server_002">
    </testcase>
    <testcase name="php_cli_server_003">
    </testcase>
    <testcase name="php_cli_server_004">
    </testcase>
    <testcase name="php_cli_server_005">
    </testcase>
    <testcase name="php_cli_server_006">
    </testcase>
    <testcase name="php_cli_server_007">
    </testcase>
    <testcase name="php_cli_server_008">
    </testcase>
    <testcase name="php_cli_server_009">
    </testcase>
    <testcase name="php_cli_server_010">
    </testcase>
    <testcase name="php_cli_server_012">
    </testcase>
    <testcase name="php_cli_server_013">
    </testcase>
    <testcase name="php_cli_server_014">
    </testcase>
    <testcase name="php_cli_server_015">
    </testcase>
    <testcase name="php_cli_server_016">
    </testcase>
    <testcase name="php_cli_server_017">
    </testcase>
    <testcase name="php_cli_server_018">
    </testcase>
    <testcase name="php_cli_server_019">
    </testcase>
    <testcase name="php_cli_server_020">
    </testcase>
    <testcase name="upload_2G">
      <skipped message="" />
    </testcase>
  </testsuite>
  <testsuite name="sapi/fpm" tests="43" disabled="0" errors="0" failures="0" skipped="12">
    <testcase name="bug68381-log-level-warning">
    </testcase>
    <testcase name="bug68391-conf-include-order">
    </testcase>
    <testcase name="bug68420-ipv4-all-addresses">
    </testcase>
    <testcase name="bug68421-ipv6-access-log">
      <skipped message="" />
    </testcase>
    <testcase name="bug68423-multi-pool-all-pms">
      <skipped message="" />
    </testcase>
    <testcase name="bug68428-ipv6-allowed-clients">
      <skipped message="" />
    </testcase>
    <testcase name="bug68442-signal-reload">
    </testcase>
    <testcase name="bug68458-pm-no-start-server">
    </testcase>
    <testcase name="bug72573-http-proxy">
    </testcase>
    <testcase name="bug73342-nonblocking-stdio">
    </testcase>
    <testcase name="bug75212-php-value-in-user-ini">
    </testcase>
    <testcase name="fastcgi_finish_request_basic">
    </testcase>
    <testcase name="fpm_get_status_basic">
    </testcase>
    <testcase name="getallheaders">
    </testcase>
    <testcase name="log-bm-limit-1024-msg-80">
    </testcase>
    <testcase name="log-bm-limit-2048-msg-4000">
    </testcase>
    <testcase name="log-bwd-limit-1050-msg-2048">
    </testcase>
    <testcase name="log-bwd-limit-1050-msg-2900">
    </testcase>
    <testcase name="log-bwd-limit-64-too-low-error">
    </testcase>
    <testcase name="log-bwd-limit-8000-msg-4096">
    </testcase>
    <testcase name="log-bwd-msg-with-nl">
    </testcase>
    <testcase name="log-bwd-multiple-msgs">
    </testcase>
    <testcase name="log-bwp-limit-1024-msg-120">
    </testcase>
    <testcase name="log-bwp-limit-1500-msg-3300">
    </testcase>
    <testcase name="log-dwd-limit-1050-msg-2048">
    </testcase>
    <testcase name="log-dwd-limit-1050-msg-2900">
    </testcase>
    <testcase name="log-dwd-limit-8000-msg-4096">
    </testcase>
    <testcase name="log-dwp-limit-1000-msg-2000">
    </testcase>
    <testcase name="main-global-prefix">
      <skipped message="" />
    </testcase>
    <testcase name="main-version">
    </testcase>
    <testcase name="pool-apparmor-basic">
      <skipped message="" />
    </testcase>
    <testcase name="pool-prefix">
      <skipped message="" />
    </testcase>
    <testcase name="proc-no-start-server">
    </testcase>
    <testcase name="proc-user-ignored">
    </testcase>
    <testcase name="socket-invalid-allowed-clients">
    </testcase>
    <testcase name="socket-ipv4-allowed-clients">
      <skipped message="" />
    </testcase>
    <testcase name="socket-ipv4-basic">
    </testcase>
    <testcase name="socket-ipv4-fallback">
      <skipped message="" />
    </testcase>
    <testcase name="socket-ipv6-any">
      <skipped message="" />
    </testcase>
    <testcase name="socket-ipv6-basic">
      <skipped message="" />
    </testcase>
    <testcase name="socket-uds-acl">
      <skipped message="" />
    </testcase>
    <testcase name="socket-uds-basic">
    </testcase>
    <testcase name="status-basic">
      <skipped message="" />
    </testcase>
  </testsuite>
  <testsuite name="sapi/phpdbg" tests="44" disabled="0" errors="0" failures="0" skipped="44">
    <testcase name="basic_run">
      <skipped message="" />
    </testcase>
    <testcase name="breakpoints_001">
      <skipped message="" />
    </testcase>
    <testcase name="breakpoints_002">
      <skipped message="" />
    </testcase>
    <testcase name="breakpoints_003">
      <skipped message="" />
    </testcase>
    <testcase name="breakpoints_004">
      <skipped message="" />
    </testcase>
    <testcase name="breakpoints_005">
      <skipped message="" />
    </testcase>
    <testcase name="breakpoints_006">
      <skipped message="" />
    </testcase>
    <testcase name="breakpoints_007">
      <skipped message="" />
    </testcase>
    <testcase name="breakpoints_008">
      <skipped message="" />
    </testcase>
    <testcase name="bug73615">
      <skipped message="" />
    </testcase>
    <testcase name="bug73704">
      <skipped message="" />
    </testcase>
    <testcase name="bug73794">
      <skipped message="" />
    </testcase>
    <testcase name="bug76801">
      <skipped message="" />
    </testcase>
    <testcase name="clean_001">
      <skipped message="" />
    </testcase>
    <testcase name="clear_001">
      <skipped message="" />
    </testcase>
    <testcase name="delimiter">
      <skipped message="" />
    </testcase>
    <testcase name="exceptions_001">
      <skipped message="" />
    </testcase>
    <testcase name="exceptions_002">
      <skipped message="" />
    </testcase>
    <testcase name="exceptions_003">
      <skipped message="" />
    </testcase>
    <testcase name="finish_leave_001">
      <skipped message="" />
    </testcase>
    <testcase name="generator_run">
      <skipped message="" />
    </testcase>
    <testcase name="include_once_001">
      <skipped message="" />
    </testcase>
    <testcase name="include_once_002">
      <skipped message="" />
    </testcase>
    <testcase name="info_001">
      <skipped message="" />
    </testcase>
    <testcase name="info_002">
      <skipped message="" />
    </testcase>
    <testcase name="next_001">
      <skipped message="" />
    </testcase>
    <testcase name="normal_exit">
      <skipped message="" />
    </testcase>
    <testcase name="phpdbg_break_next">
      <skipped message="" />
    </testcase>
    <testcase name="phpdbg_get_executable_stream_wrapper">
      <skipped message="" />
    </testcase>
    <testcase name="phpdbg_oplog_001">
      <skipped message="" />
    </testcase>
    <testcase name="phpdbg_oplog_002">
      <skipped message="" />
    </testcase>
    <testcase name="print_001">
      <skipped message="" />
    </testcase>
    <testcase name="print_002">
      <skipped message="" />
    </testcase>
    <testcase name="run_001">
      <skipped message="" />
    </testcase>
    <testcase name="run_002">
      <skipped message="" />
    </testcase>
    <testcase name="set_exception_handler">
      <skipped message="" />
    </testcase>
    <testcase name="stdin_001">
      <skipped message="" />
    </testcase>
    <testcase name="stepping_001">
      <skipped message="" />
    </testcase>
    <testcase name="watch_001">
      <skipped message="" />
    </testcase>
    <testcase name="watch_002">
      <skipped message="" />
    </testcase>
    <testcase name="watch_003">
      <skipped message="" />
    </testcase>
    <testcase name="watch_004">
      <skipped message="" />
    </testcase>
    <testcase name="watch_005">
      <skipped message="" />
    </testcase>
    <testcase name="watch_006">
      <skipped message="" />
    </testcase>
  </testsuite>
  <testsuite name="sapi" tests="8" disabled="0" errors="0" failures="0" skipped="0">
    <testcase name="bug69487">
    </testcase>
    <testcase name="test001">
    </testcase>
    <testcase name="test002">
    </testcase>
    <testcase name="test003">
    </testcase>
    <testcase name="test004">
    </testcase>
    <testcase name="test005">
    </testcase>
    <testcase name="test006">
    </testcase>
    <testcase name="test007">
    </testcase>
  </testsuite>
</testsuites>
