<?xml version="1.0" encoding="UTF-8"?>
<testsuites disabled="0" errors="0" failures="52" tests="6204">
  <testsuite name="run-test" tests="17" disabled="0" errors="0" failures="0" skipped="1">
    <testcase name="bug75042-2" classname="run-test.bug75042-2">
    </testcase>
    <testcase name="bug75042-3" classname="run-test.bug75042-3">
    </testcase>
    <testcase name="bug75042" classname="run-test.bug75042">
    </testcase>
    <testcase name="test001" classname="run-test.test001">
    </testcase>
    <testcase name="test002" classname="run-test.test002">
    </testcase>
    <testcase name="test003" classname="run-test.test003">
    </testcase>
    <testcase name="test004" classname="run-test.test004">
    </testcase>
    <testcase name="test005" classname="run-test.test005">
    </testcase>
    <testcase name="test006" classname="run-test.test006">
    </testcase>
    <testcase name="test007" classname="run-test.test007">
    </testcase>
    <testcase name="test008" classname="run-test.test008">
    </testcase>
    <testcase name="test008a" classname="run-test.test008a">
    </testcase>
    <testcase name="test009" classname="run-test.test009">
    </testcase>
    <testcase name="test010" classname="run-test.test010">
    </testcase>
    <testcase name="test011" classname="run-test.test011">
    </testcase>
    <testcase name="test012" classname="run-test.test012">
    </testcase>
    <testcase name="test013" classname="run-test.test013">
    </testcase>
  </testsuite>
  <testsuite name="basic" tests="81" disabled="0" errors="0" failures="0" skipped="1">
    <testcase name="001" classname="basic.001">
    </testcase>
    <testcase name="002" classname="basic.002">
    </testcase>
    <testcase name="003" classname="basic.003">
    </testcase>
    <testcase name="004" classname="basic.004">
    </testcase>
    <testcase name="005" classname="basic.005">
    </testcase>
    <testcase name="006" classname="basic.006">
    </testcase>
    <testcase name="007" classname="basic.007">
    </testcase>
    <testcase name="008" classname="basic.008">
    </testcase>
    <testcase name="009" classname="basic.009">
    </testcase>
    <testcase name="010" classname="basic.010">
    </testcase>
    <testcase name="011" classname="basic.011">
    </testcase>
    <testcase name="012" classname="basic.012">
    </testcase>
    <testcase name="013" classname="basic.013">
    </testcase>
    <testcase name="014" classname="basic.014">
    </testcase>
    <testcase name="015" classname="basic.015">
    </testcase>
    <testcase name="016" classname="basic.016">
    </testcase>
    <testcase name="017" classname="basic.017">
    </testcase>
    <testcase name="018" classname="basic.018">
    </testcase>
    <testcase name="019" classname="basic.019">
    </testcase>
    <testcase name="020" classname="basic.020">
    </testcase>
    <testcase name="021" classname="basic.021">
    </testcase>
    <testcase name="022" classname="basic.022">
    </testcase>
    <testcase name="023" classname="basic.023">
    </testcase>
    <testcase name="025" classname="basic.025">
    </testcase>
    <testcase name="027" classname="basic.027">
    </testcase>
    <testcase name="028" classname="basic.028">
    </testcase>
    <testcase name="029" classname="basic.029">
    </testcase>
    <testcase name="030" classname="basic.030">
    </testcase>
    <testcase name="031" classname="basic.031">
    </testcase>
    <testcase name="032" classname="basic.032">
    </testcase>
    <testcase name="bug20539" classname="basic.bug20539">
    </testcase>
    <testcase name="bug29971" classname="basic.bug29971">
    </testcase>
    <testcase name="bug31875" classname="basic.bug31875">
    </testcase>
    <testcase name="bug45986" classname="basic.bug45986">
    </testcase>
    <testcase name="bug53180" classname="basic.bug53180">
    </testcase>
    <testcase name="bug54514" classname="basic.bug54514">
    </testcase>
    <testcase name="bug55500" classname="basic.bug55500">
    </testcase>
    <testcase name="bug61000" classname="basic.bug61000">
    </testcase>
    <testcase name="bug67198" classname="basic.bug67198">
    </testcase>
    <testcase name="bug67988" classname="basic.bug67988">
    </testcase>
    <testcase name="bug71273" classname="basic.bug71273">
    </testcase>
    <testcase name="bug73969" classname="basic.bug73969">
    </testcase>
    <testcase name="enable_post_data_reading_01" classname="basic.enable_post_data_reading_01">
    </testcase>
    <testcase name="enable_post_data_reading_02" classname="basic.enable_post_data_reading_02">
    </testcase>
    <testcase name="enable_post_data_reading_03" classname="basic.enable_post_data_reading_03">
    </testcase>
    <testcase name="enable_post_data_reading_04" classname="basic.enable_post_data_reading_04">
    </testcase>
    <testcase name="enable_post_data_reading_05" classname="basic.enable_post_data_reading_05">
    </testcase>
    <testcase name="enable_post_data_reading_06" classname="basic.enable_post_data_reading_06">
    </testcase>
    <testcase name="enable_post_data_reading_07" classname="basic.enable_post_data_reading_07">
    </testcase>
    <testcase name="encoding" classname="basic.encoding">
    </testcase>
    <testcase name="header_register_callback" classname="basic.header_register_callback">
    </testcase>
    <testcase name="precision" classname="basic.precision">
    </testcase>
    <testcase name="req44164" classname="basic.req44164">
    </testcase>
    <testcase name="req60524-win" classname="basic.req60524-win">
    </testcase>
    <testcase name="req60524" classname="basic.req60524">
    </testcase>
    <testcase name="rfc1867_anonymous_upload" classname="basic.rfc1867_anonymous_upload">
    </testcase>
    <testcase name="rfc1867_array_upload" classname="basic.rfc1867_array_upload">
    </testcase>
    <testcase name="rfc1867_boundary_1" classname="basic.rfc1867_boundary_1">
    </testcase>
    <testcase name="rfc1867_boundary_2" classname="basic.rfc1867_boundary_2">
    </testcase>
    <testcase name="rfc1867_empty_upload" classname="basic.rfc1867_empty_upload">
    </testcase>
    <testcase name="rfc1867_file_upload_disabled" classname="basic.rfc1867_file_upload_disabled">
    </testcase>
    <testcase name="rfc1867_garbled_mime_headers" classname="basic.rfc1867_garbled_mime_headers">
    </testcase>
    <testcase name="rfc1867_invalid_boundary" classname="basic.rfc1867_invalid_boundary">
    </testcase>
    <testcase name="rfc1867_malicious_input" classname="basic.rfc1867_malicious_input">
    </testcase>
    <testcase name="rfc1867_max_file_size" classname="basic.rfc1867_max_file_size">
    </testcase>
    <testcase name="rfc1867_max_file_uploads_empty_files" classname="basic.rfc1867_max_file_uploads_empty_files">
    </testcase>
    <testcase name="rfc1867_missing_boundary" classname="basic.rfc1867_missing_boundary">
    </testcase>
    <testcase name="rfc1867_missing_boundary_2" classname="basic.rfc1867_missing_boundary_2">
    </testcase>
    <testcase name="rfc1867_post_max_filesize" classname="basic.rfc1867_post_max_filesize">
    </testcase>
    <testcase name="rfc1867_post_max_size" classname="basic.rfc1867_post_max_size">
    </testcase>
    <testcase name="timeout_variation_0" classname="basic.timeout_variation_0">
    </testcase>
    <testcase name="timeout_variation_1" classname="basic.timeout_variation_1">
    </testcase>
    <testcase name="timeout_variation_10" classname="basic.timeout_variation_10">
    </testcase>
    <testcase name="timeout_variation_2" classname="basic.timeout_variation_2">
    </testcase>
    <testcase name="timeout_variation_3" classname="basic.timeout_variation_3">
    </testcase>
    <testcase name="timeout_variation_4" classname="basic.timeout_variation_4">
    </testcase>
    <testcase name="timeout_variation_5" classname="basic.timeout_variation_5">
    </testcase>
    <testcase name="timeout_variation_6" classname="basic.timeout_variation_6">
    </testcase>
    <testcase name="timeout_variation_7" classname="basic.timeout_variation_7">
    </testcase>
    <testcase name="timeout_variation_8" classname="basic.timeout_variation_8">
    </testcase>
    <testcase name="timeout_variation_9" classname="basic.timeout_variation_9">
    </testcase>
  </testsuite>
  <testsuite name="classes" tests="292" disabled="0" errors="0" failures="0" skipped="0">
    <testcase name="__call_001" classname="classes.__call_001">
    </testcase>
    <testcase name="__call_002" classname="classes.__call_002">
    </testcase>
    <testcase name="__call_003" classname="classes.__call_003">
    </testcase>
    <testcase name="__call_004" classname="classes.__call_004">
    </testcase>
    <testcase name="__call_005" classname="classes.__call_005">
    </testcase>
    <testcase name="__call_006" classname="classes.__call_006">
    </testcase>
    <testcase name="__call_007" classname="classes.__call_007">
    </testcase>
    <testcase name="__set__get_001" classname="classes.__set__get_001">
    </testcase>
    <testcase name="__set__get_002" classname="classes.__set__get_002">
    </testcase>
    <testcase name="__set__get_003" classname="classes.__set__get_003">
    </testcase>
    <testcase name="__set__get_004" classname="classes.__set__get_004">
    </testcase>
    <testcase name="__set__get_005" classname="classes.__set__get_005">
    </testcase>
    <testcase name="__set_data_corrupt" classname="classes.__set_data_corrupt">
    </testcase>
    <testcase name="abstract" classname="classes.abstract">
    </testcase>
    <testcase name="abstract_by_interface_001" classname="classes.abstract_by_interface_001">
    </testcase>
    <testcase name="abstract_by_interface_002" classname="classes.abstract_by_interface_002">
    </testcase>
    <testcase name="abstract_class" classname="classes.abstract_class">
    </testcase>
    <testcase name="abstract_derived" classname="classes.abstract_derived">
    </testcase>
    <testcase name="abstract_final" classname="classes.abstract_final">
    </testcase>
    <testcase name="abstract_inherit" classname="classes.abstract_inherit">
    </testcase>
    <testcase name="abstract_not_declared" classname="classes.abstract_not_declared">
    </testcase>
    <testcase name="abstract_redeclare" classname="classes.abstract_redeclare">
    </testcase>
    <testcase name="abstract_static" classname="classes.abstract_static">
    </testcase>
    <testcase name="abstract_user_call" classname="classes.abstract_user_call">
    </testcase>
    <testcase name="array_access_001" classname="classes.array_access_001">
    </testcase>
    <testcase name="array_access_002" classname="classes.array_access_002">
    </testcase>
    <testcase name="array_access_003" classname="classes.array_access_003">
    </testcase>
    <testcase name="array_access_004" classname="classes.array_access_004">
    </testcase>
    <testcase name="array_access_005" classname="classes.array_access_005">
    </testcase>
    <testcase name="array_access_006" classname="classes.array_access_006">
    </testcase>
    <testcase name="array_access_007" classname="classes.array_access_007">
    </testcase>
    <testcase name="array_access_008" classname="classes.array_access_008">
    </testcase>
    <testcase name="array_access_009" classname="classes.array_access_009">
    </testcase>
    <testcase name="array_access_010" classname="classes.array_access_010">
    </testcase>
    <testcase name="array_access_011" classname="classes.array_access_011">
    </testcase>
    <testcase name="array_access_012" classname="classes.array_access_012">
    </testcase>
    <testcase name="array_access_013" classname="classes.array_access_013">
    </testcase>
    <testcase name="array_conversion_keys" classname="classes.array_conversion_keys">
    </testcase>
    <testcase name="arrayobject_001" classname="classes.arrayobject_001">
    </testcase>
    <testcase name="assign_op_property_001" classname="classes.assign_op_property_001">
    </testcase>
    <testcase name="autoload_001" classname="classes.autoload_001">
    </testcase>
    <testcase name="autoload_002" classname="classes.autoload_002">
    </testcase>
    <testcase name="autoload_003" classname="classes.autoload_003">
    </testcase>
    <testcase name="autoload_004" classname="classes.autoload_004">
    </testcase>
    <testcase name="autoload_005" classname="classes.autoload_005">
    </testcase>
    <testcase name="autoload_006" classname="classes.autoload_006">
    </testcase>
    <testcase name="autoload_007" classname="classes.autoload_007">
    </testcase>
    <testcase name="autoload_008" classname="classes.autoload_008">
    </testcase>
    <testcase name="autoload_009" classname="classes.autoload_009">
    </testcase>
    <testcase name="autoload_010" classname="classes.autoload_010">
    </testcase>
    <testcase name="autoload_011" classname="classes.autoload_011">
    </testcase>
    <testcase name="autoload_012" classname="classes.autoload_012">
    </testcase>
    <testcase name="autoload_013" classname="classes.autoload_013">
    </testcase>
    <testcase name="autoload_014" classname="classes.autoload_014">
    </testcase>
    <testcase name="autoload_015" classname="classes.autoload_015">
    </testcase>
    <testcase name="autoload_016" classname="classes.autoload_016">
    </testcase>
    <testcase name="autoload_017" classname="classes.autoload_017">
    </testcase>
    <testcase name="autoload_018" classname="classes.autoload_018">
    </testcase>
    <testcase name="autoload_019" classname="classes.autoload_019">
    </testcase>
    <testcase name="autoload_020" classname="classes.autoload_020">
    </testcase>
    <testcase name="autoload_021" classname="classes.autoload_021">
    </testcase>
    <testcase name="bug23951" classname="classes.bug23951">
    </testcase>
    <testcase name="bug24399" classname="classes.bug24399">
    </testcase>
    <testcase name="bug24445" classname="classes.bug24445">
    </testcase>
    <testcase name="bug26737" classname="classes.bug26737">
    </testcase>
    <testcase name="bug27468" classname="classes.bug27468">
    </testcase>
    <testcase name="bug27504" classname="classes.bug27504">
    </testcase>
    <testcase name="bug29446" classname="classes.bug29446">
    </testcase>
    <testcase name="bug63462" classname="classes.bug63462">
    </testcase>
    <testcase name="bug65768" classname="classes.bug65768">
    </testcase>
    <testcase name="bug75765" classname="classes.bug75765">
    </testcase>
    <testcase name="class_abstract" classname="classes.class_abstract">
    </testcase>
    <testcase name="class_example" classname="classes.class_example">
    </testcase>
    <testcase name="class_final" classname="classes.class_final">
    </testcase>
    <testcase name="class_stdclass" classname="classes.class_stdclass">
    </testcase>
    <testcase name="clone_001" classname="classes.clone_001">
    </testcase>
    <testcase name="clone_002" classname="classes.clone_002">
    </testcase>
    <testcase name="clone_003" classname="classes.clone_003">
    </testcase>
    <testcase name="clone_004" classname="classes.clone_004">
    </testcase>
    <testcase name="clone_005" classname="classes.clone_005">
    </testcase>
    <testcase name="clone_006" classname="classes.clone_006">
    </testcase>
    <testcase name="constants_basic_001" classname="classes.constants_basic_001">
    </testcase>
    <testcase name="constants_basic_002" classname="classes.constants_basic_002">
    </testcase>
    <testcase name="constants_basic_003" classname="classes.constants_basic_003">
    </testcase>
    <testcase name="constants_basic_004" classname="classes.constants_basic_004">
    </testcase>
    <testcase name="constants_basic_005" classname="classes.constants_basic_005">
    </testcase>
    <testcase name="constants_basic_006" classname="classes.constants_basic_006">
    </testcase>
    <testcase name="constants_comments_001" classname="classes.constants_comments_001">
    </testcase>
    <testcase name="constants_error_001" classname="classes.constants_error_001">
    </testcase>
    <testcase name="constants_error_002" classname="classes.constants_error_002">
    </testcase>
    <testcase name="constants_error_003" classname="classes.constants_error_003">
    </testcase>
    <testcase name="constants_error_004" classname="classes.constants_error_004">
    </testcase>
    <testcase name="constants_error_005" classname="classes.constants_error_005">
    </testcase>
    <testcase name="constants_error_006" classname="classes.constants_error_006">
    </testcase>
    <testcase name="constants_error_007" classname="classes.constants_error_007">
    </testcase>
    <testcase name="constants_scope_001" classname="classes.constants_scope_001">
    </testcase>
    <testcase name="constants_visibility_001" classname="classes.constants_visibility_001">
    </testcase>
    <testcase name="constants_visibility_002" classname="classes.constants_visibility_002">
    </testcase>
    <testcase name="constants_visibility_003" classname="classes.constants_visibility_003">
    </testcase>
    <testcase name="constants_visibility_004" classname="classes.constants_visibility_004">
    </testcase>
    <testcase name="constants_visibility_005" classname="classes.constants_visibility_005">
    </testcase>
    <testcase name="constants_visibility_006" classname="classes.constants_visibility_006">
    </testcase>
    <testcase name="constants_visibility_007" classname="classes.constants_visibility_007">
    </testcase>
    <testcase name="constants_visibility_008" classname="classes.constants_visibility_008">
    </testcase>
    <testcase name="constants_visibility_error_001" classname="classes.constants_visibility_error_001">
    </testcase>
    <testcase name="constants_visibility_error_002" classname="classes.constants_visibility_error_002">
    </testcase>
    <testcase name="constants_visibility_error_003" classname="classes.constants_visibility_error_003">
    </testcase>
    <testcase name="constants_visibility_error_004" classname="classes.constants_visibility_error_004">
    </testcase>
    <testcase name="ctor_dtor" classname="classes.ctor_dtor">
    </testcase>
    <testcase name="ctor_dtor_inheritance" classname="classes.ctor_dtor_inheritance">
    </testcase>
    <testcase name="ctor_failure" classname="classes.ctor_failure">
    </testcase>
    <testcase name="ctor_in_interface_01" classname="classes.ctor_in_interface_01">
    </testcase>
    <testcase name="ctor_in_interface_02" classname="classes.ctor_in_interface_02">
    </testcase>
    <testcase name="ctor_in_interface_03" classname="classes.ctor_in_interface_03">
    </testcase>
    <testcase name="ctor_in_interface_04" classname="classes.ctor_in_interface_04">
    </testcase>
    <testcase name="ctor_name_clash" classname="classes.ctor_name_clash">
    </testcase>
    <testcase name="ctor_visibility" classname="classes.ctor_visibility">
    </testcase>
    <testcase name="dereferencing_001" classname="classes.dereferencing_001">
    </testcase>
    <testcase name="destructor_and_echo" classname="classes.destructor_and_echo">
    </testcase>
    <testcase name="destructor_and_exceptions" classname="classes.destructor_and_exceptions">
    </testcase>
    <testcase name="destructor_and_globals" classname="classes.destructor_and_globals">
    </testcase>
    <testcase name="destructor_and_references" classname="classes.destructor_and_references">
    </testcase>
    <testcase name="destructor_inheritance" classname="classes.destructor_inheritance">
    </testcase>
    <testcase name="destructor_visibility_001" classname="classes.destructor_visibility_001">
    </testcase>
    <testcase name="destructor_visibility_002" classname="classes.destructor_visibility_002">
    </testcase>
    <testcase name="destructor_visibility_003" classname="classes.destructor_visibility_003">
    </testcase>
    <testcase name="factory_001" classname="classes.factory_001">
    </testcase>
    <testcase name="factory_and_singleton_001" classname="classes.factory_and_singleton_001">
    </testcase>
    <testcase name="factory_and_singleton_002" classname="classes.factory_and_singleton_002">
    </testcase>
    <testcase name="factory_and_singleton_003" classname="classes.factory_and_singleton_003">
    </testcase>
    <testcase name="factory_and_singleton_004" classname="classes.factory_and_singleton_004">
    </testcase>
    <testcase name="factory_and_singleton_005" classname="classes.factory_and_singleton_005">
    </testcase>
    <testcase name="factory_and_singleton_006" classname="classes.factory_and_singleton_006">
    </testcase>
    <testcase name="factory_and_singleton_007" classname="classes.factory_and_singleton_007">
    </testcase>
    <testcase name="factory_and_singleton_008" classname="classes.factory_and_singleton_008">
    </testcase>
    <testcase name="factory_and_singleton_009" classname="classes.factory_and_singleton_009">
    </testcase>
    <testcase name="factory_and_singleton_010" classname="classes.factory_and_singleton_010">
    </testcase>
    <testcase name="final" classname="classes.final">
    </testcase>
    <testcase name="final_abstract" classname="classes.final_abstract">
    </testcase>
    <testcase name="final_ctor1" classname="classes.final_ctor1">
    </testcase>
    <testcase name="final_ctor2" classname="classes.final_ctor2">
    </testcase>
    <testcase name="final_ctor3" classname="classes.final_ctor3">
    </testcase>
    <testcase name="final_redeclare" classname="classes.final_redeclare">
    </testcase>
    <testcase name="implicit_instantiation_001" classname="classes.implicit_instantiation_001">
    </testcase>
    <testcase name="incdec_property_001" classname="classes.incdec_property_001">
    </testcase>
    <testcase name="incdec_property_002" classname="classes.incdec_property_002">
    </testcase>
    <testcase name="incdec_property_003" classname="classes.incdec_property_003">
    </testcase>
    <testcase name="incdec_property_004" classname="classes.incdec_property_004">
    </testcase>
    <testcase name="inheritance" classname="classes.inheritance">
    </testcase>
    <testcase name="inheritance_002" classname="classes.inheritance_002">
    </testcase>
    <testcase name="inheritance_003" classname="classes.inheritance_003">
    </testcase>
    <testcase name="inheritance_004" classname="classes.inheritance_004">
    </testcase>
    <testcase name="inheritance_005" classname="classes.inheritance_005">
    </testcase>
    <testcase name="inheritance_006" classname="classes.inheritance_006">
    </testcase>
    <testcase name="inheritance_007" classname="classes.inheritance_007">
    </testcase>
    <testcase name="interface_and_extends" classname="classes.interface_and_extends">
    </testcase>
    <testcase name="interface_class" classname="classes.interface_class">
    </testcase>
    <testcase name="interface_constant_inheritance_001" classname="classes.interface_constant_inheritance_001">
    </testcase>
    <testcase name="interface_constant_inheritance_002" classname="classes.interface_constant_inheritance_002">
    </testcase>
    <testcase name="interface_constant_inheritance_003" classname="classes.interface_constant_inheritance_003">
    </testcase>
    <testcase name="interface_constant_inheritance_004" classname="classes.interface_constant_inheritance_004">
    </testcase>
    <testcase name="interface_constant_inheritance_005" classname="classes.interface_constant_inheritance_005">
    </testcase>
    <testcase name="interface_constant_inheritance_006" classname="classes.interface_constant_inheritance_006">
    </testcase>
    <testcase name="interface_constant_inheritance_007" classname="classes.interface_constant_inheritance_007">
    </testcase>
    <testcase name="interface_doubled" classname="classes.interface_doubled">
    </testcase>
    <testcase name="interface_implemented" classname="classes.interface_implemented">
    </testcase>
    <testcase name="interface_instantiate" classname="classes.interface_instantiate">
    </testcase>
    <testcase name="interface_member" classname="classes.interface_member">
    </testcase>
    <testcase name="interface_method" classname="classes.interface_method">
    </testcase>
    <testcase name="interface_method_final" classname="classes.interface_method_final">
    </testcase>
    <testcase name="interface_method_private" classname="classes.interface_method_private">
    </testcase>
    <testcase name="interface_must_be_implemented" classname="classes.interface_must_be_implemented">
    </testcase>
    <testcase name="interface_optional_arg" classname="classes.interface_optional_arg">
    </testcase>
    <testcase name="interface_optional_arg_002" classname="classes.interface_optional_arg_002">
    </testcase>
    <testcase name="interface_optional_arg_003" classname="classes.interface_optional_arg_003">
    </testcase>
    <testcase name="interfaces_001" classname="classes.interfaces_001">
    </testcase>
    <testcase name="interfaces_002" classname="classes.interfaces_002">
    </testcase>
    <testcase name="interfaces_003" classname="classes.interfaces_003">
    </testcase>
    <testcase name="iterators_001" classname="classes.iterators_001">
    </testcase>
    <testcase name="iterators_002" classname="classes.iterators_002">
    </testcase>
    <testcase name="iterators_003" classname="classes.iterators_003">
    </testcase>
    <testcase name="iterators_004" classname="classes.iterators_004">
    </testcase>
    <testcase name="iterators_005" classname="classes.iterators_005">
    </testcase>
    <testcase name="iterators_006" classname="classes.iterators_006">
    </testcase>
    <testcase name="iterators_007" classname="classes.iterators_007">
    </testcase>
    <testcase name="iterators_008" classname="classes.iterators_008">
    </testcase>
    <testcase name="method_call_variation_001" classname="classes.method_call_variation_001">
    </testcase>
    <testcase name="method_override_optional_arg_001" classname="classes.method_override_optional_arg_001">
    </testcase>
    <testcase name="method_override_optional_arg_002" classname="classes.method_override_optional_arg_002">
    </testcase>
    <testcase name="object_reference_001" classname="classes.object_reference_001">
    </testcase>
    <testcase name="private_001" classname="classes.private_001">
    </testcase>
    <testcase name="private_002" classname="classes.private_002">
    </testcase>
    <testcase name="private_003" classname="classes.private_003">
    </testcase>
    <testcase name="private_003b" classname="classes.private_003b">
    </testcase>
    <testcase name="private_004" classname="classes.private_004">
    </testcase>
    <testcase name="private_004b" classname="classes.private_004b">
    </testcase>
    <testcase name="private_005" classname="classes.private_005">
    </testcase>
    <testcase name="private_006" classname="classes.private_006">
    </testcase>
    <testcase name="private_006b" classname="classes.private_006b">
    </testcase>
    <testcase name="private_007" classname="classes.private_007">
    </testcase>
    <testcase name="private_007b" classname="classes.private_007b">
    </testcase>
    <testcase name="private_members" classname="classes.private_members">
    </testcase>
    <testcase name="private_members_serialization" classname="classes.private_members_serialization">
    </testcase>
    <testcase name="private_redeclare" classname="classes.private_redeclare">
    </testcase>
    <testcase name="property_override_privateStatic_private" classname="classes.property_override_privateStatic_private">
    </testcase>
    <testcase name="property_override_privateStatic_privateStatic" classname="classes.property_override_privateStatic_privateStatic">
    </testcase>
    <testcase name="property_override_privateStatic_protected" classname="classes.property_override_privateStatic_protected">
    </testcase>
    <testcase name="property_override_privateStatic_protectedStatic" classname="classes.property_override_privateStatic_protectedStatic">
    </testcase>
    <testcase name="property_override_privateStatic_public" classname="classes.property_override_privateStatic_public">
    </testcase>
    <testcase name="property_override_privateStatic_publicStatic" classname="classes.property_override_privateStatic_publicStatic">
    </testcase>
    <testcase name="property_override_private_private" classname="classes.property_override_private_private">
    </testcase>
    <testcase name="property_override_private_privateStatic" classname="classes.property_override_private_privateStatic">
    </testcase>
    <testcase name="property_override_private_protected" classname="classes.property_override_private_protected">
    </testcase>
    <testcase name="property_override_private_protectedStatic" classname="classes.property_override_private_protectedStatic">
    </testcase>
    <testcase name="property_override_private_public" classname="classes.property_override_private_public">
    </testcase>
    <testcase name="property_override_private_publicStatic" classname="classes.property_override_private_publicStatic">
    </testcase>
    <testcase name="property_override_protectedStatic_private" classname="classes.property_override_protectedStatic_private">
    </testcase>
    <testcase name="property_override_protectedStatic_privateStatic" classname="classes.property_override_protectedStatic_privateStatic">
    </testcase>
    <testcase name="property_override_protectedStatic_protected" classname="classes.property_override_protectedStatic_protected">
    </testcase>
    <testcase name="property_override_protectedStatic_protectedStatic" classname="classes.property_override_protectedStatic_protectedStatic">
    </testcase>
    <testcase name="property_override_protectedStatic_public" classname="classes.property_override_protectedStatic_public">
    </testcase>
    <testcase name="property_override_protectedStatic_publicStatic" classname="classes.property_override_protectedStatic_publicStatic">
    </testcase>
    <testcase name="property_override_protected_private" classname="classes.property_override_protected_private">
    </testcase>
    <testcase name="property_override_protected_privateStatic" classname="classes.property_override_protected_privateStatic">
    </testcase>
    <testcase name="property_override_protected_protected" classname="classes.property_override_protected_protected">
    </testcase>
    <testcase name="property_override_protected_protectedStatic" classname="classes.property_override_protected_protectedStatic">
    </testcase>
    <testcase name="property_override_protected_public" classname="classes.property_override_protected_public">
    </testcase>
    <testcase name="property_override_protected_publicStatic" classname="classes.property_override_protected_publicStatic">
    </testcase>
    <testcase name="property_override_publicStatic_private" classname="classes.property_override_publicStatic_private">
    </testcase>
    <testcase name="property_override_publicStatic_privateStatic" classname="classes.property_override_publicStatic_privateStatic">
    </testcase>
    <testcase name="property_override_publicStatic_protected" classname="classes.property_override_publicStatic_protected">
    </testcase>
    <testcase name="property_override_publicStatic_protectedStatic" classname="classes.property_override_publicStatic_protectedStatic">
    </testcase>
    <testcase name="property_override_publicStatic_public" classname="classes.property_override_publicStatic_public">
    </testcase>
    <testcase name="property_override_publicStatic_publicStatic" classname="classes.property_override_publicStatic_publicStatic">
    </testcase>
    <testcase name="property_override_public_private" classname="classes.property_override_public_private">
    </testcase>
    <testcase name="property_override_public_privateStatic" classname="classes.property_override_public_privateStatic">
    </testcase>
    <testcase name="property_override_public_protected" classname="classes.property_override_public_protected">
    </testcase>
    <testcase name="property_override_public_protectedStatic" classname="classes.property_override_public_protectedStatic">
    </testcase>
    <testcase name="property_override_public_public" classname="classes.property_override_public_public">
    </testcase>
    <testcase name="property_override_public_publicStatic" classname="classes.property_override_public_publicStatic">
    </testcase>
    <testcase name="property_recreate_private" classname="classes.property_recreate_private">
    </testcase>
    <testcase name="property_recreate_protected" classname="classes.property_recreate_protected">
    </testcase>
    <testcase name="protected_001" classname="classes.protected_001">
    </testcase>
    <testcase name="protected_001b" classname="classes.protected_001b">
    </testcase>
    <testcase name="protected_002" classname="classes.protected_002">
    </testcase>
    <testcase name="serialize_001" classname="classes.serialize_001">
    </testcase>
    <testcase name="singleton_001" classname="classes.singleton_001">
    </testcase>
    <testcase name="static_mix_1" classname="classes.static_mix_1">
    </testcase>
    <testcase name="static_mix_2" classname="classes.static_mix_2">
    </testcase>
    <testcase name="static_properties_001" classname="classes.static_properties_001">
    </testcase>
    <testcase name="static_properties_003" classname="classes.static_properties_003">
    </testcase>
    <testcase name="static_properties_003_error1" classname="classes.static_properties_003_error1">
    </testcase>
    <testcase name="static_properties_003_error2" classname="classes.static_properties_003_error2">
    </testcase>
    <testcase name="static_properties_003_error3" classname="classes.static_properties_003_error3">
    </testcase>
    <testcase name="static_properties_003_error4" classname="classes.static_properties_003_error4">
    </testcase>
    <testcase name="static_properties_004" classname="classes.static_properties_004">
    </testcase>
    <testcase name="static_properties_undeclared_assign" classname="classes.static_properties_undeclared_assign">
    </testcase>
    <testcase name="static_properties_undeclared_assignInc" classname="classes.static_properties_undeclared_assignInc">
    </testcase>
    <testcase name="static_properties_undeclared_assignRef" classname="classes.static_properties_undeclared_assignRef">
    </testcase>
    <testcase name="static_properties_undeclared_inc" classname="classes.static_properties_undeclared_inc">
    </testcase>
    <testcase name="static_properties_undeclared_isset" classname="classes.static_properties_undeclared_isset">
    </testcase>
    <testcase name="static_properties_undeclared_read" classname="classes.static_properties_undeclared_read">
    </testcase>
    <testcase name="static_this" classname="classes.static_this">
    </testcase>
    <testcase name="this" classname="classes.this">
    </testcase>
    <testcase name="tostring_001" classname="classes.tostring_001">
    </testcase>
    <testcase name="tostring_002" classname="classes.tostring_002">
    </testcase>
    <testcase name="tostring_003" classname="classes.tostring_003">
    </testcase>
    <testcase name="tostring_004" classname="classes.tostring_004">
    </testcase>
    <testcase name="type_hinting_001" classname="classes.type_hinting_001">
    </testcase>
    <testcase name="type_hinting_002" classname="classes.type_hinting_002">
    </testcase>
    <testcase name="type_hinting_003" classname="classes.type_hinting_003">
    </testcase>
    <testcase name="type_hinting_004" classname="classes.type_hinting_004">
    </testcase>
    <testcase name="type_hinting_005a" classname="classes.type_hinting_005a">
    </testcase>
    <testcase name="type_hinting_005c" classname="classes.type_hinting_005c">
    </testcase>
    <testcase name="type_hinting_005d" classname="classes.type_hinting_005d">
    </testcase>
    <testcase name="unset_properties" classname="classes.unset_properties">
    </testcase>
    <testcase name="visibility_000a" classname="classes.visibility_000a">
    </testcase>
    <testcase name="visibility_000b" classname="classes.visibility_000b">
    </testcase>
    <testcase name="visibility_000c" classname="classes.visibility_000c">
    </testcase>
    <testcase name="visibility_001a" classname="classes.visibility_001a">
    </testcase>
    <testcase name="visibility_001b" classname="classes.visibility_001b">
    </testcase>
    <testcase name="visibility_001c" classname="classes.visibility_001c">
    </testcase>
    <testcase name="visibility_002a" classname="classes.visibility_002a">
    </testcase>
    <testcase name="visibility_002b" classname="classes.visibility_002b">
    </testcase>
    <testcase name="visibility_002c" classname="classes.visibility_002c">
    </testcase>
    <testcase name="visibility_003a" classname="classes.visibility_003a">
    </testcase>
    <testcase name="visibility_003b" classname="classes.visibility_003b">
    </testcase>
    <testcase name="visibility_003c" classname="classes.visibility_003c">
    </testcase>
    <testcase name="visibility_004a" classname="classes.visibility_004a">
    </testcase>
    <testcase name="visibility_004b" classname="classes.visibility_004b">
    </testcase>
    <testcase name="visibility_004c" classname="classes.visibility_004c">
    </testcase>
    <testcase name="visibility_005" classname="classes.visibility_005">
    </testcase>
  </testsuite>
  <testsuite name="func" tests="14" disabled="0" errors="0" failures="0" skipped="0">
    <testcase name="001" classname="func.001">
    </testcase>
    <testcase name="002" classname="func.002">
    </testcase>
    <testcase name="003" classname="func.003">
    </testcase>
    <testcase name="004" classname="func.004">
    </testcase>
    <testcase name="005" classname="func.005">
    </testcase>
    <testcase name="005a" classname="func.005a">
    </testcase>
    <testcase name="006" classname="func.006">
    </testcase>
    <testcase name="007" classname="func.007">
    </testcase>
    <testcase name="008" classname="func.008">
    </testcase>
    <testcase name="009" classname="func.009">
    </testcase>
    <testcase name="010" classname="func.010">
    </testcase>
    <testcase name="011" classname="func.011">
    </testcase>
    <testcase name="bug64523" classname="func.bug64523">
    </testcase>
    <testcase name="ini_alter" classname="func.ini_alter">
    </testcase>
  </testsuite>
  <testsuite name="lang" tests="217" disabled="0" errors="0" failures="0" skipped="3">
    <testcase name="001" classname="lang.001">
    </testcase>
    <testcase name="002" classname="lang.002">
    </testcase>
    <testcase name="003" classname="lang.003">
    </testcase>
    <testcase name="004" classname="lang.004">
    </testcase>
    <testcase name="005" classname="lang.005">
    </testcase>
    <testcase name="006" classname="lang.006">
    </testcase>
    <testcase name="007" classname="lang.007">
    </testcase>
    <testcase name="008" classname="lang.008">
    </testcase>
    <testcase name="009" classname="lang.009">
    </testcase>
    <testcase name="010" classname="lang.010">
    </testcase>
    <testcase name="011" classname="lang.011">
    </testcase>
    <testcase name="012" classname="lang.012">
    </testcase>
    <testcase name="013" classname="lang.013">
    </testcase>
    <testcase name="014" classname="lang.014">
    </testcase>
    <testcase name="015" classname="lang.015">
    </testcase>
    <testcase name="016" classname="lang.016">
    </testcase>
    <testcase name="017" classname="lang.017">
    </testcase>
    <testcase name="018" classname="lang.018">
    </testcase>
    <testcase name="019" classname="lang.019">
    </testcase>
    <testcase name="020" classname="lang.020">
    </testcase>
    <testcase name="021" classname="lang.021">
    </testcase>
    <testcase name="022" classname="lang.022">
    </testcase>
    <testcase name="023" classname="lang.023">
    </testcase>
    <testcase name="024" classname="lang.024">
    </testcase>
    <testcase name="025" classname="lang.025">
    </testcase>
    <testcase name="026" classname="lang.026">
    </testcase>
    <testcase name="027" classname="lang.027">
    </testcase>
    <testcase name="028" classname="lang.028">
    </testcase>
    <testcase name="030" classname="lang.030">
    </testcase>
    <testcase name="031" classname="lang.031">
    </testcase>
    <testcase name="032" classname="lang.032">
    </testcase>
    <testcase name="033" classname="lang.033">
    </testcase>
    <testcase name="034" classname="lang.034">
    </testcase>
    <testcase name="035" classname="lang.035">
    </testcase>
    <testcase name="036" classname="lang.036">
    </testcase>
    <testcase name="037" classname="lang.037">
    </testcase>
    <testcase name="038" classname="lang.038">
    </testcase>
    <testcase name="039" classname="lang.039">
    </testcase>
    <testcase name="040" classname="lang.040">
    </testcase>
    <testcase name="041" classname="lang.041">
    </testcase>
    <testcase name="042" classname="lang.042">
    </testcase>
    <testcase name="043" classname="lang.043">
    </testcase>
    <testcase name="044" classname="lang.044">
    </testcase>
    <testcase name="045" classname="lang.045">
    </testcase>
    <testcase name="array_shortcut_001" classname="lang.array_shortcut_001">
    </testcase>
    <testcase name="array_shortcut_002" classname="lang.array_shortcut_002">
    </testcase>
    <testcase name="array_shortcut_003" classname="lang.array_shortcut_003">
    </testcase>
    <testcase name="array_shortcut_005" classname="lang.array_shortcut_005">
    </testcase>
    <testcase name="bison1" classname="lang.bison1">
    </testcase>
    <testcase name="bug17115" classname="lang.bug17115">
    </testcase>
    <testcase name="bug18872" classname="lang.bug18872">
    </testcase>
    <testcase name="bug19566" classname="lang.bug19566">
    </testcase>
    <testcase name="bug19943" classname="lang.bug19943">
    </testcase>
    <testcase name="bug20175" classname="lang.bug20175">
    </testcase>
    <testcase name="bug21094" classname="lang.bug21094">
    </testcase>
    <testcase name="bug21600" classname="lang.bug21600">
    </testcase>
    <testcase name="bug21669" classname="lang.bug21669">
    </testcase>
    <testcase name="bug21820" classname="lang.bug21820">
    </testcase>
    <testcase name="bug21849" classname="lang.bug21849">
    </testcase>
    <testcase name="bug21961" classname="lang.bug21961">
    </testcase>
    <testcase name="bug22231" classname="lang.bug22231">
    </testcase>
    <testcase name="bug22510" classname="lang.bug22510">
    </testcase>
    <testcase name="bug22592" classname="lang.bug22592">
    </testcase>
    <testcase name="bug22690" classname="lang.bug22690">
    </testcase>
    <testcase name="bug23279" classname="lang.bug23279">
    </testcase>
    <testcase name="bug23384" classname="lang.bug23384">
    </testcase>
    <testcase name="bug23489" classname="lang.bug23489">
    </testcase>
    <testcase name="bug23524" classname="lang.bug23524">
    </testcase>
    <testcase name="bug23584" classname="lang.bug23584">
    </testcase>
    <testcase name="bug23624" classname="lang.bug23624">
    </testcase>
    <testcase name="bug23922" classname="lang.bug23922">
    </testcase>
    <testcase name="bug24054" classname="lang.bug24054">
    </testcase>
    <testcase name="bug24396" classname="lang.bug24396">
    </testcase>
    <testcase name="bug24436" classname="lang.bug24436">
    </testcase>
    <testcase name="bug24499" classname="lang.bug24499">
    </testcase>
    <testcase name="bug24573" classname="lang.bug24573">
    </testcase>
    <testcase name="bug24640" classname="lang.bug24640">
    </testcase>
    <testcase name="bug24652" classname="lang.bug24652">
    </testcase>
    <testcase name="bug24658" classname="lang.bug24658">
    </testcase>
    <testcase name="bug24783" classname="lang.bug24783">
    </testcase>
    <testcase name="bug24908" classname="lang.bug24908">
    </testcase>
    <testcase name="bug24926" classname="lang.bug24926">
    </testcase>
    <testcase name="bug24951" classname="lang.bug24951">
    </testcase>
    <testcase name="bug25145" classname="lang.bug25145">
    </testcase>
    <testcase name="bug25547" classname="lang.bug25547">
    </testcase>
    <testcase name="bug25652" classname="lang.bug25652">
    </testcase>
    <testcase name="bug25922" classname="lang.bug25922">
    </testcase>
    <testcase name="bug26182" classname="lang.bug26182">
    </testcase>
    <testcase name="bug26696" classname="lang.bug26696">
    </testcase>
    <testcase name="bug26866" classname="lang.bug26866">
    </testcase>
    <testcase name="bug26869" classname="lang.bug26869">
    </testcase>
    <testcase name="bug27354" classname="lang.bug27354">
    </testcase>
    <testcase name="bug27439" classname="lang.bug27439">
    </testcase>
    <testcase name="bug27443" classname="lang.bug27443">
    </testcase>
    <testcase name="bug27535" classname="lang.bug27535">
    </testcase>
    <testcase name="bug28213" classname="lang.bug28213">
    </testcase>
    <testcase name="bug28800" classname="lang.bug28800">
    </testcase>
    <testcase name="bug29566" classname="lang.bug29566">
    </testcase>
    <testcase name="bug29893" classname="lang.bug29893">
    </testcase>
    <testcase name="bug29944" classname="lang.bug29944">
    </testcase>
    <testcase name="bug30578" classname="lang.bug30578">
    </testcase>
    <testcase name="bug30638" classname="lang.bug30638">
    </testcase>
    <testcase name="bug30726" classname="lang.bug30726">
    </testcase>
    <testcase name="bug30862" classname="lang.bug30862">
    </testcase>
    <testcase name="bug32828" classname="lang.bug32828">
    </testcase>
    <testcase name="bug32924" classname="lang.bug32924">
    </testcase>
    <testcase name="bug35176" classname="lang.bug35176">
    </testcase>
    <testcase name="bug35382" classname="lang.bug35382">
    </testcase>
    <testcase name="bug38579" classname="lang.bug38579">
    </testcase>
    <testcase name="bug43958" classname="lang.bug43958">
    </testcase>
    <testcase name="bug44654" classname="lang.bug44654">
    </testcase>
    <testcase name="bug44827" classname="lang.bug44827">
    </testcase>
    <testcase name="bug45392" classname="lang.bug45392">
    </testcase>
    <testcase name="bug55754" classname="lang.bug55754">
    </testcase>
    <testcase name="bug71897" classname="lang.bug71897">
    </testcase>
    <testcase name="bug73172" classname="lang.bug73172">
    </testcase>
    <testcase name="bug73329" classname="lang.bug73329">
    </testcase>
    <testcase name="bug7515" classname="lang.bug7515">
    </testcase>
    <testcase name="catchable_error_001" classname="lang.catchable_error_001">
    </testcase>
    <testcase name="catchable_error_002" classname="lang.catchable_error_002">
    </testcase>
    <testcase name="comments" classname="lang.comments">
    </testcase>
    <testcase name="comments2" classname="lang.comments2">
    </testcase>
    <testcase name="compare_objects_basic1" classname="lang.compare_objects_basic1">
    </testcase>
    <testcase name="compare_objects_basic2" classname="lang.compare_objects_basic2">
    </testcase>
    <testcase name="each_binary_safety" classname="lang.each_binary_safety">
    </testcase>
    <testcase name="empty_variation" classname="lang.empty_variation">
    </testcase>
    <testcase name="engine_assignExecutionOrder_001" classname="lang.engine_assignExecutionOrder_001">
    </testcase>
    <testcase name="engine_assignExecutionOrder_002" classname="lang.engine_assignExecutionOrder_002">
    </testcase>
    <testcase name="engine_assignExecutionOrder_003" classname="lang.engine_assignExecutionOrder_003">
    </testcase>
    <testcase name="engine_assignExecutionOrder_004" classname="lang.engine_assignExecutionOrder_004">
    </testcase>
    <testcase name="engine_assignExecutionOrder_005" classname="lang.engine_assignExecutionOrder_005">
    </testcase>
    <testcase name="engine_assignExecutionOrder_006" classname="lang.engine_assignExecutionOrder_006">
    </testcase>
    <testcase name="engine_assignExecutionOrder_007" classname="lang.engine_assignExecutionOrder_007">
    </testcase>
    <testcase name="engine_assignExecutionOrder_008" classname="lang.engine_assignExecutionOrder_008">
    </testcase>
    <testcase name="engine_assignExecutionOrder_009" classname="lang.engine_assignExecutionOrder_009">
    </testcase>
    <testcase name="error_2_exception_001" classname="lang.error_2_exception_001">
    </testcase>
    <testcase name="execution_order" classname="lang.execution_order">
    </testcase>
    <testcase name="foreachLoop.001" classname="lang.foreachLoop?001">
    </testcase>
    <testcase name="foreachLoop.002" classname="lang.foreachLoop?002">
    </testcase>
    <testcase name="foreachLoop.003" classname="lang.foreachLoop?003">
    </testcase>
    <testcase name="foreachLoop.004" classname="lang.foreachLoop?004">
    </testcase>
    <testcase name="foreachLoop.005" classname="lang.foreachLoop?005">
    </testcase>
    <testcase name="foreachLoop.006" classname="lang.foreachLoop?006">
    </testcase>
    <testcase name="foreachLoop.009" classname="lang.foreachLoop?009">
    </testcase>
    <testcase name="foreachLoop.010" classname="lang.foreachLoop?010">
    </testcase>
    <testcase name="foreachLoop.011" classname="lang.foreachLoop?011">
    </testcase>
    <testcase name="foreachLoop.012" classname="lang.foreachLoop?012">
    </testcase>
    <testcase name="foreachLoop.013" classname="lang.foreachLoop?013">
    </testcase>
    <testcase name="foreachLoop.014" classname="lang.foreachLoop?014">
    </testcase>
    <testcase name="foreachLoop.015" classname="lang.foreachLoop?015">
    </testcase>
    <testcase name="foreachLoop.016" classname="lang.foreachLoop?016">
    </testcase>
    <testcase name="foreachLoop.017" classname="lang.foreachLoop?017">
    </testcase>
    <testcase name="foreachLoopIterator.001" classname="lang.foreachLoopIterator?001">
    </testcase>
    <testcase name="foreachLoopIterator.002" classname="lang.foreachLoopIterator?002">
    </testcase>
    <testcase name="foreachLoopIteratorAggregate.001" classname="lang.foreachLoopIteratorAggregate?001">
    </testcase>
    <testcase name="foreachLoopIteratorAggregate.002" classname="lang.foreachLoopIteratorAggregate?002">
    </testcase>
    <testcase name="foreachLoopIteratorAggregate.003" classname="lang.foreachLoopIteratorAggregate?003">
    </testcase>
    <testcase name="foreachLoopIteratorAggregate.004" classname="lang.foreachLoopIteratorAggregate?004">
    </testcase>
    <testcase name="foreachLoopObjects.001" classname="lang.foreachLoopObjects?001">
    </testcase>
    <testcase name="foreachLoopObjects.002" classname="lang.foreachLoopObjects?002">
    </testcase>
    <testcase name="foreachLoopObjects.003" classname="lang.foreachLoopObjects?003">
    </testcase>
    <testcase name="foreachLoopObjects.004" classname="lang.foreachLoopObjects?004">
    </testcase>
    <testcase name="foreachLoopObjects.005" classname="lang.foreachLoopObjects?005">
    </testcase>
    <testcase name="foreachLoopObjects.006" classname="lang.foreachLoopObjects?006">
    </testcase>
    <testcase name="foreach_with_object_001" classname="lang.foreach_with_object_001">
    </testcase>
    <testcase name="foreach_with_references_001" classname="lang.foreach_with_references_001">
    </testcase>
    <testcase name="func_get_arg.001" classname="lang.func_get_arg?001">
    </testcase>
    <testcase name="func_get_arg.002" classname="lang.func_get_arg?002">
    </testcase>
    <testcase name="func_get_arg.003" classname="lang.func_get_arg?003">
    </testcase>
    <testcase name="func_get_arg.004" classname="lang.func_get_arg?004">
    </testcase>
    <testcase name="func_get_arg.005" classname="lang.func_get_arg?005">
    </testcase>
    <testcase name="func_get_arg_variation" classname="lang.func_get_arg_variation">
    </testcase>
    <testcase name="func_get_args.001" classname="lang.func_get_args?001">
    </testcase>
    <testcase name="func_get_args.002" classname="lang.func_get_args?002">
    </testcase>
    <testcase name="func_get_args.003" classname="lang.func_get_args?003">
    </testcase>
    <testcase name="func_get_args.004" classname="lang.func_get_args?004">
    </testcase>
    <testcase name="func_num_args.001" classname="lang.func_num_args?001">
    </testcase>
    <testcase name="func_num_args.002" classname="lang.func_num_args?002">
    </testcase>
    <testcase name="func_num_args.003" classname="lang.func_num_args?003">
    </testcase>
    <testcase name="func_num_args.004" classname="lang.func_num_args?004">
    </testcase>
    <testcase name="include_variation1" classname="lang.include_variation1">
    </testcase>
    <testcase name="include_variation2" classname="lang.include_variation2">
    </testcase>
    <testcase name="include_variation3" classname="lang.include_variation3">
    </testcase>
    <testcase name="invalid_octal" classname="lang.invalid_octal">
    </testcase>
    <testcase name="passByReference_001" classname="lang.passByReference_001">
    </testcase>
    <testcase name="passByReference_002" classname="lang.passByReference_002">
    </testcase>
    <testcase name="passByReference_003" classname="lang.passByReference_003">
    </testcase>
    <testcase name="passByReference_004" classname="lang.passByReference_004">
    </testcase>
    <testcase name="passByReference_005" classname="lang.passByReference_005">
    </testcase>
    <testcase name="passByReference_006" classname="lang.passByReference_006">
    </testcase>
    <testcase name="passByReference_007" classname="lang.passByReference_007">
    </testcase>
    <testcase name="passByReference_008" classname="lang.passByReference_008">
    </testcase>
    <testcase name="passByReference_009" classname="lang.passByReference_009">
    </testcase>
    <testcase name="passByReference_010" classname="lang.passByReference_010">
    </testcase>
    <testcase name="passByReference_012" classname="lang.passByReference_012">
    </testcase>
    <testcase name="returnByReference.001" classname="lang.returnByReference?001">
    </testcase>
    <testcase name="returnByReference.002" classname="lang.returnByReference?002">
    </testcase>
    <testcase name="returnByReference.003" classname="lang.returnByReference?003">
    </testcase>
    <testcase name="returnByReference.004" classname="lang.returnByReference?004">
    </testcase>
    <testcase name="returnByReference.005" classname="lang.returnByReference?005">
    </testcase>
    <testcase name="returnByReference.006" classname="lang.returnByReference?006">
    </testcase>
    <testcase name="returnByReference.007" classname="lang.returnByReference?007">
    </testcase>
    <testcase name="returnByReference.008" classname="lang.returnByReference?008">
    </testcase>
    <testcase name="returnByReference.009" classname="lang.returnByReference?009">
    </testcase>
    <testcase name="short_tags.001" classname="lang.short_tags?001">
    </testcase>
    <testcase name="short_tags.002" classname="lang.short_tags?002">
    </testcase>
    <testcase name="short_tags.004" classname="lang.short_tags?004">
    </testcase>
    <testcase name="static_basic_001" classname="lang.static_basic_001">
    </testcase>
    <testcase name="static_basic_002" classname="lang.static_basic_002">
    </testcase>
    <testcase name="static_variation_001" classname="lang.static_variation_001">
    </testcase>
    <testcase name="static_variation_002" classname="lang.static_variation_002">
    </testcase>
    <testcase name="string_decimals_001" classname="lang.string_decimals_001">
    </testcase>
    <testcase name="this_assignment" classname="lang.this_assignment">
    </testcase>
    <testcase name="throw_variation_001" classname="lang.throw_variation_001">
    </testcase>
    <testcase name="type_hints_001" classname="lang.type_hints_001">
    </testcase>
    <testcase name="type_hints_002" classname="lang.type_hints_002">
    </testcase>
    <testcase name="type_hints_003" classname="lang.type_hints_003">
    </testcase>
  </testsuite>
  <testsuite name="lang/constants" tests="2" disabled="0" errors="0" failures="0" skipped="1">
    <testcase name="PHP_INT_32bit" classname="lang/constants.PHP_INT_32bit">
    </testcase>
    <testcase name="PHP_INT_64bit" classname="lang/constants.PHP_INT_64bit">
    </testcase>
  </testsuite>
  <testsuite name="lang/operators" tests="64" disabled="0" errors="0" failures="0" skipped="6">
    <testcase name="add_basiclong_64bit" classname="lang/operators.add_basiclong_64bit">
    </testcase>
    <testcase name="add_variationStr" classname="lang/operators.add_variationStr">
    </testcase>
    <testcase name="bitwiseAnd_basiclong_64bit" classname="lang/operators.bitwiseAnd_basiclong_64bit">
    </testcase>
    <testcase name="bitwiseAnd_variationStr" classname="lang/operators.bitwiseAnd_variationStr">
    </testcase>
    <testcase name="bitwiseNot_basiclong_64bit" classname="lang/operators.bitwiseNot_basiclong_64bit">
    </testcase>
    <testcase name="bitwiseNot_variationStr" classname="lang/operators.bitwiseNot_variationStr">
    </testcase>
    <testcase name="bitwiseOr_basiclong_64bit" classname="lang/operators.bitwiseOr_basiclong_64bit">
    </testcase>
    <testcase name="bitwiseOr_variationStr" classname="lang/operators.bitwiseOr_variationStr">
    </testcase>
    <testcase name="bitwiseShiftLeft_basiclong_64bit" classname="lang/operators.bitwiseShiftLeft_basiclong_64bit">
    </testcase>
    <testcase name="bitwiseShiftLeft_variationStr" classname="lang/operators.bitwiseShiftLeft_variationStr">
    </testcase>
    <testcase name="bitwiseShiftLeft_variationStr2" classname="lang/operators.bitwiseShiftLeft_variationStr2">
    </testcase>
    <testcase name="bitwiseShiftLeft_variationStr_64bit" classname="lang/operators.bitwiseShiftLeft_variationStr_64bit">
    </testcase>
    <testcase name="bitwiseShiftRight_basiclong_64bit" classname="lang/operators.bitwiseShiftRight_basiclong_64bit">
    </testcase>
    <testcase name="bitwiseShiftRight_variationStr" classname="lang/operators.bitwiseShiftRight_variationStr">
    </testcase>
    <testcase name="bitwiseShiftRight_variationStr2" classname="lang/operators.bitwiseShiftRight_variationStr2">
    </testcase>
    <testcase name="bitwiseXor_basiclong_64bit" classname="lang/operators.bitwiseXor_basiclong_64bit">
    </testcase>
    <testcase name="bitwiseXor_variationStr" classname="lang/operators.bitwiseXor_variationStr">
    </testcase>
    <testcase name="coalesce" classname="lang/operators.coalesce">
    </testcase>
    <testcase name="divide_basiclong_64bit" classname="lang/operators.divide_basiclong_64bit">
    </testcase>
    <testcase name="divide_variationStr" classname="lang/operators.divide_variationStr">
    </testcase>
    <testcase name="modulus_basiclong_64bit" classname="lang/operators.modulus_basiclong_64bit">
    </testcase>
    <testcase name="modulus_variationStr" classname="lang/operators.modulus_variationStr">
    </testcase>
    <testcase name="multiply_basiclong_64bit" classname="lang/operators.multiply_basiclong_64bit">
    </testcase>
    <testcase name="multiply_variationStr" classname="lang/operators.multiply_variationStr">
    </testcase>
    <testcase name="nan-comparison-false" classname="lang/operators.nan-comparison-false">
    </testcase>
    <testcase name="negate_basiclong_64bit" classname="lang/operators.negate_basiclong_64bit">
    </testcase>
    <testcase name="negate_variationStr" classname="lang/operators.negate_variationStr">
    </testcase>
    <testcase name="operator_equals_basic" classname="lang/operators.operator_equals_basic">
    </testcase>
    <testcase name="operator_equals_variation" classname="lang/operators.operator_equals_variation">
    </testcase>
    <testcase name="operator_equals_variation_64bit" classname="lang/operators.operator_equals_variation_64bit">
    </testcase>
    <testcase name="operator_gt_basic" classname="lang/operators.operator_gt_basic">
    </testcase>
    <testcase name="operator_gt_or_equal_basic" classname="lang/operators.operator_gt_or_equal_basic">
    </testcase>
    <testcase name="operator_gt_or_equal_variation" classname="lang/operators.operator_gt_or_equal_variation">
    </testcase>
    <testcase name="operator_gt_or_equal_variation_64bit" classname="lang/operators.operator_gt_or_equal_variation_64bit">
    </testcase>
    <testcase name="operator_gt_variation" classname="lang/operators.operator_gt_variation">
    </testcase>
    <testcase name="operator_gt_variation_64bit" classname="lang/operators.operator_gt_variation_64bit">
    </testcase>
    <testcase name="operator_identical_basic" classname="lang/operators.operator_identical_basic">
    </testcase>
    <testcase name="operator_identical_recusion-01" classname="lang/operators.operator_identical_recusion-01">
    </testcase>
    <testcase name="operator_identical_variation" classname="lang/operators.operator_identical_variation">
    </testcase>
    <testcase name="operator_identical_variation_64bit" classname="lang/operators.operator_identical_variation_64bit">
    </testcase>
    <testcase name="operator_lt_basic" classname="lang/operators.operator_lt_basic">
    </testcase>
    <testcase name="operator_lt_or_equal_basic" classname="lang/operators.operator_lt_or_equal_basic">
    </testcase>
    <testcase name="operator_lt_or_equal_variation" classname="lang/operators.operator_lt_or_equal_variation">
    </testcase>
    <testcase name="operator_lt_or_equal_variation_64bit" classname="lang/operators.operator_lt_or_equal_variation_64bit">
    </testcase>
    <testcase name="operator_lt_variation" classname="lang/operators.operator_lt_variation">
    </testcase>
    <testcase name="operator_lt_variation_64bit" classname="lang/operators.operator_lt_variation_64bit">
    </testcase>
    <testcase name="operator_notequals_basic" classname="lang/operators.operator_notequals_basic">
    </testcase>
    <testcase name="operator_notequals_variation" classname="lang/operators.operator_notequals_variation">
    </testcase>
    <testcase name="operator_notequals_variation_64bit" classname="lang/operators.operator_notequals_variation_64bit">
    </testcase>
    <testcase name="operator_notidentical_basic" classname="lang/operators.operator_notidentical_basic">
    </testcase>
    <testcase name="operator_notidentical_variation" classname="lang/operators.operator_notidentical_variation">
    </testcase>
    <testcase name="operator_notidentical_variation_64bit" classname="lang/operators.operator_notidentical_variation_64bit">
    </testcase>
    <testcase name="operator_spaceship_basic" classname="lang/operators.operator_spaceship_basic">
    </testcase>
    <testcase name="overloaded_property_ref" classname="lang/operators.overloaded_property_ref">
    </testcase>
    <testcase name="postdec_basiclong_64bit" classname="lang/operators.postdec_basiclong_64bit">
    </testcase>
    <testcase name="postdec_variationStr" classname="lang/operators.postdec_variationStr">
    </testcase>
    <testcase name="postinc_basiclong_64bit" classname="lang/operators.postinc_basiclong_64bit">
    </testcase>
    <testcase name="postinc_variationStr" classname="lang/operators.postinc_variationStr">
    </testcase>
    <testcase name="predec_basiclong_64bit" classname="lang/operators.predec_basiclong_64bit">
    </testcase>
    <testcase name="predec_variationStr" classname="lang/operators.predec_variationStr">
    </testcase>
    <testcase name="preinc_basiclong_64bit" classname="lang/operators.preinc_basiclong_64bit">
    </testcase>
    <testcase name="preinc_variationStr" classname="lang/operators.preinc_variationStr">
    </testcase>
    <testcase name="subtract_basiclong_64bit" classname="lang/operators.subtract_basiclong_64bit">
    </testcase>
    <testcase name="subtract_variationStr" classname="lang/operators.subtract_variationStr">
    </testcase>
  </testsuite>
  <testsuite name="lang/string" tests="9" disabled="0" errors="0" failures="0" skipped="0">
    <testcase name="unicode_escape" classname="lang/string.unicode_escape">
    </testcase>
    <testcase name="unicode_escape_empty" classname="lang/string.unicode_escape_empty">
    </testcase>
    <testcase name="unicode_escape_incomplete" classname="lang/string.unicode_escape_incomplete">
    </testcase>
    <testcase name="unicode_escape_large_codepoint" classname="lang/string.unicode_escape_large_codepoint">
    </testcase>
    <testcase name="unicode_escape_legacy" classname="lang/string.unicode_escape_legacy">
    </testcase>
    <testcase name="unicode_escape_sign" classname="lang/string.unicode_escape_sign">
    </testcase>
    <testcase name="unicode_escape_sign2" classname="lang/string.unicode_escape_sign2">
    </testcase>
    <testcase name="unicode_escape_surrogates" classname="lang/string.unicode_escape_surrogates">
    </testcase>
    <testcase name="unicode_escape_whitespace" classname="lang/string.unicode_escape_whitespace">
    </testcase>
  </testsuite>
  <testsuite name="output" tests="88" disabled="0" errors="0" failures="2" skipped="12">
    <testcase name="bug46897" classname="output.bug46897">
    </testcase>
    <testcase name="bug60282" classname="output.bug60282">
    </testcase>
    <testcase name="bug60321" classname="output.bug60321">
    </testcase>
    <testcase name="bug60322" classname="output.bug60322">
    </testcase>
    <testcase name="bug60768" classname="output.bug60768">
    </testcase>
    <testcase name="bug65593" classname="output.bug65593">
    </testcase>
    <testcase name="bug70970" classname="output.bug70970">
    </testcase>
    <testcase name="bug74725" classname="output.bug74725">
    </testcase>
    <testcase name="bug74815" classname="output.bug74815">
    </testcase>
    <testcase name="bug75236" classname="output.bug75236">
    </testcase>
    <testcase name="flush_basic_001" classname="output.flush_basic_001">
    </testcase>
    <testcase name="flush_error_001" classname="output.flush_error_001">
    </testcase>
    <testcase name="ob_001" classname="output.ob_001">
    </testcase>
    <testcase name="ob_002" classname="output.ob_002">
    </testcase>
    <testcase name="ob_003" classname="output.ob_003">
    </testcase>
    <testcase name="ob_004" classname="output.ob_004">
    </testcase>
    <testcase name="ob_005" classname="output.ob_005">
    </testcase>
    <testcase name="ob_006" classname="output.ob_006">
    </testcase>
    <testcase name="ob_007" classname="output.ob_007">
    </testcase>
    <testcase name="ob_008" classname="output.ob_008">
    </testcase>
    <testcase name="ob_009" classname="output.ob_009">
    </testcase>
    <testcase name="ob_010" classname="output.ob_010">
    </testcase>
    <testcase name="ob_011" classname="output.ob_011">
    </testcase>
    <testcase name="ob_012" classname="output.ob_012">
    </testcase>
    <testcase name="ob_013" classname="output.ob_013">
    </testcase>
    <testcase name="ob_014" classname="output.ob_014">
    </testcase>
    <testcase name="ob_015" classname="output.ob_015">
    </testcase>
    <testcase name="ob_017" classname="output.ob_017">
    </testcase>
    <testcase name="ob_018" classname="output.ob_018">
    </testcase>
    <testcase name="ob_020" classname="output.ob_020">
    </testcase>
    <testcase name="ob_clean_basic_001" classname="output.ob_clean_basic_001">
    </testcase>
    <testcase name="ob_clean_error_001" classname="output.ob_clean_error_001">
    </testcase>
    <testcase name="ob_end_clean_basic_001" classname="output.ob_end_clean_basic_001">
    </testcase>
    <testcase name="ob_end_clean_error_001" classname="output.ob_end_clean_error_001">
    </testcase>
    <testcase name="ob_end_flush_basic_001" classname="output.ob_end_flush_basic_001">
    </testcase>
    <testcase name="ob_end_flush_error_001" classname="output.ob_end_flush_error_001">
    </testcase>
    <testcase name="ob_flush_basic_001" classname="output.ob_flush_basic_001">
    </testcase>
    <testcase name="ob_flush_error_001" classname="output.ob_flush_error_001">
    </testcase>
    <testcase name="ob_get_clean_basic_001" classname="output.ob_get_clean_basic_001">
    </testcase>
    <testcase name="ob_get_clean_basic_002" classname="output.ob_get_clean_basic_002">
    </testcase>
    <testcase name="ob_get_clean_error_001" classname="output.ob_get_clean_error_001">
    </testcase>
    <testcase name="ob_get_contents_basic_001" classname="output.ob_get_contents_basic_001">
    </testcase>
    <testcase name="ob_get_contents_error_001" classname="output.ob_get_contents_error_001">
    </testcase>
    <testcase name="ob_get_length_basic_001" classname="output.ob_get_length_basic_001">
    </testcase>
    <testcase name="ob_get_length_error_001" classname="output.ob_get_length_error_001">
    </testcase>
    <testcase name="ob_get_level_basic_001" classname="output.ob_get_level_basic_001">
    </testcase>
    <testcase name="ob_get_level_error_001" classname="output.ob_get_level_error_001">
    </testcase>
    <testcase name="ob_get_status" classname="output.ob_get_status">
    </testcase>
    <testcase name="ob_implicit_flush_basic_001" classname="output.ob_implicit_flush_basic_001">
    </testcase>
    <testcase name="ob_implicit_flush_basic_002" classname="output.ob_implicit_flush_basic_002">
    </testcase>
    <testcase name="ob_implicit_flush_error_001" classname="output.ob_implicit_flush_error_001">
    </testcase>
    <testcase name="ob_implicit_flush_variation_001" classname="output.ob_implicit_flush_variation_001">
    </testcase>
    <testcase name="ob_start_basic_001" classname="output.ob_start_basic_001">
    </testcase>
    <testcase name="ob_start_basic_002" classname="output.ob_start_basic_002">
    </testcase>
    <testcase name="ob_start_basic_003" classname="output.ob_start_basic_003">
    </testcase>
    <testcase name="ob_start_basic_004" classname="output.ob_start_basic_004">
    </testcase>
    <testcase name="ob_start_basic_005" classname="output.ob_start_basic_005">
    </testcase>
    <testcase name="ob_start_basic_006" classname="output.ob_start_basic_006">
    </testcase>
    <testcase name="ob_start_basic_unerasable_001" classname="output.ob_start_basic_unerasable_001">
    </testcase>
    <testcase name="ob_start_basic_unerasable_002" classname="output.ob_start_basic_unerasable_002">
    </testcase>
    <testcase name="ob_start_basic_unerasable_003" classname="output.ob_start_basic_unerasable_003">
    </testcase>
    <testcase name="ob_start_basic_unerasable_004" classname="output.ob_start_basic_unerasable_004">
    </testcase>
    <testcase name="ob_start_basic_unerasable_005" classname="output.ob_start_basic_unerasable_005">
    </testcase>
    <testcase name="ob_start_callbacks" classname="output.ob_start_callbacks">
    </testcase>
    <testcase name="ob_start_error_001" classname="output.ob_start_error_001">
    </testcase>
    <testcase name="ob_start_error_002" classname="output.ob_start_error_002">
    </testcase>
    <testcase name="ob_start_error_003" classname="output.ob_start_error_003">
    </testcase>
    <testcase name="ob_start_error_004" classname="output.ob_start_error_004">
    </testcase>
    <testcase name="ob_start_error_005" classname="output.ob_start_error_005">
    </testcase>
    <testcase name="sapi_windows_vt100_support_notwindows" classname="output.sapi_windows_vt100_support_notwindows">
    </testcase>
    <testcase name="sapi_windows_vt100_support_winko_err" classname="output.sapi_windows_vt100_support_winko_err">
    </testcase>
    <testcase name="sapi_windows_vt100_support_winko_in-err" classname="output.sapi_windows_vt100_support_winko_in-err">
    </testcase>
    <testcase name="sapi_windows_vt100_support_winko_in-out-err" classname="output.sapi_windows_vt100_support_winko_in-out-err">
    </testcase>
    <testcase name="sapi_windows_vt100_support_winko_in-out" classname="output.sapi_windows_vt100_support_winko_in-out">
    </testcase>
    <testcase name="sapi_windows_vt100_support_winko_out-err" classname="output.sapi_windows_vt100_support_winko_out-err">
    </testcase>
    <testcase name="sapi_windows_vt100_support_winko_out" classname="output.sapi_windows_vt100_support_winko_out">
    </testcase>
    <testcase name="sapi_windows_vt100_support_winok_err" classname="output.sapi_windows_vt100_support_winok_err">
    </testcase>
    <testcase name="sapi_windows_vt100_support_winok_in-err" classname="output.sapi_windows_vt100_support_winok_in-err">
    </testcase>
    <testcase name="sapi_windows_vt100_support_winok_in-out-err" classname="output.sapi_windows_vt100_support_winok_in-out-err">
    </testcase>
    <testcase name="sapi_windows_vt100_support_winok_in-out" classname="output.sapi_windows_vt100_support_winok_in-out">
    </testcase>
    <testcase name="sapi_windows_vt100_support_winok_out-err" classname="output.sapi_windows_vt100_support_winok_out-err">
    </testcase>
    <testcase name="sapi_windows_vt100_support_winok_out" classname="output.sapi_windows_vt100_support_winok_out">
    </testcase>
    <testcase name="stream_isatty_err" classname="output.stream_isatty_err">
      <failure message="tests/output/stream_isatty_err.phpt" ></failure>
      <system-out></system-out>
    </testcase>
    <testcase name="stream_isatty_in-err" classname="output.stream_isatty_in-err">
      <failure message="tests/output/stream_isatty_in-err.phpt" ></failure>
      <system-out></system-out>
    </testcase>
    <testcase name="stream_isatty_in-out-err" classname="output.stream_isatty_in-out-err">
    </testcase>
    <testcase name="stream_isatty_in-out" classname="output.stream_isatty_in-out">
    </testcase>
    <testcase name="stream_isatty_out-err" classname="output.stream_isatty_out-err">
    </testcase>
    <testcase name="stream_isatty_out" classname="output.stream_isatty_out">
    </testcase>
  </testsuite>
  <testsuite name="security" tests="48" disabled="0" errors="0" failures="1" skipped="3">
    <testcase name="bug53226" classname="security.bug53226">
    </testcase>
    <testcase name="open_basedir_001" classname="security.open_basedir_001">
    </testcase>
    <testcase name="open_basedir_chdir" classname="security.open_basedir_chdir">
    </testcase>
    <testcase name="open_basedir_chmod" classname="security.open_basedir_chmod">
    </testcase>
    <testcase name="open_basedir_copy" classname="security.open_basedir_copy">
    </testcase>
    <testcase name="open_basedir_copy_variation1" classname="security.open_basedir_copy_variation1">
    </testcase>
    <testcase name="open_basedir_dir" classname="security.open_basedir_dir">
    </testcase>
    <testcase name="open_basedir_disk_free_space" classname="security.open_basedir_disk_free_space">
    </testcase>
    <testcase name="open_basedir_error_log" classname="security.open_basedir_error_log">
    </testcase>
    <testcase name="open_basedir_error_log_variation" classname="security.open_basedir_error_log_variation">
    </testcase>
    <testcase name="open_basedir_file" classname="security.open_basedir_file">
    </testcase>
    <testcase name="open_basedir_file_exists" classname="security.open_basedir_file_exists">
    </testcase>
    <testcase name="open_basedir_file_get_contents" classname="security.open_basedir_file_get_contents">
    </testcase>
    <testcase name="open_basedir_file_put_contents" classname="security.open_basedir_file_put_contents">
    </testcase>
    <testcase name="open_basedir_fileatime" classname="security.open_basedir_fileatime">
    </testcase>
    <testcase name="open_basedir_filectime" classname="security.open_basedir_filectime">
    </testcase>
    <testcase name="open_basedir_filegroup" classname="security.open_basedir_filegroup">
    </testcase>
    <testcase name="open_basedir_fileinode" classname="security.open_basedir_fileinode">
    </testcase>
    <testcase name="open_basedir_filemtime" classname="security.open_basedir_filemtime">
    </testcase>
    <testcase name="open_basedir_fileowner" classname="security.open_basedir_fileowner">
    </testcase>
    <testcase name="open_basedir_fileperms" classname="security.open_basedir_fileperms">
    </testcase>
    <testcase name="open_basedir_filesize" classname="security.open_basedir_filesize">
    </testcase>
    <testcase name="open_basedir_filetype" classname="security.open_basedir_filetype">
    </testcase>
    <testcase name="open_basedir_fopen" classname="security.open_basedir_fopen">
    </testcase>
    <testcase name="open_basedir_glob" classname="security.open_basedir_glob">
    </testcase>
    <testcase name="open_basedir_glob_variation" classname="security.open_basedir_glob_variation">
    </testcase>
    <testcase name="open_basedir_is_dir" classname="security.open_basedir_is_dir">
    </testcase>
    <testcase name="open_basedir_is_executable" classname="security.open_basedir_is_executable">
    </testcase>
    <testcase name="open_basedir_is_file" classname="security.open_basedir_is_file">
    </testcase>
    <testcase name="open_basedir_is_link" classname="security.open_basedir_is_link">
    </testcase>
    <testcase name="open_basedir_is_readable" classname="security.open_basedir_is_readable">
    </testcase>
    <testcase name="open_basedir_is_writable" classname="security.open_basedir_is_writable">
    </testcase>
    <testcase name="open_basedir_link" classname="security.open_basedir_link">
    </testcase>
    <testcase name="open_basedir_linkinfo" classname="security.open_basedir_linkinfo">
      <failure message="tests/security/open_basedir_linkinfo.phpt" >016+ 
017+ Warning: unlink(): open_basedir restriction in effect. File(/home/kadler/projects/php-src/tests/security/test/ok/symlink.txt) is not within the allowed path(s): (.) in /home/kadler/projects/php-src/tests/security/open_basedir_linkinfo.php on line 26
018+ bool(false)
016- bool(true)</failure>
      <system-out>*** Testing open_basedir configuration [linkinfo] ***
bool(true)
bool(true)
bool(true)
bool(true)
bool(true)
int(64771)
int(64771)
int(64771)
int(64771)
int(64771)

Warning: symlink(): open_basedir restriction in effect. File(/home/kadler/projects/php-src/tests/security/test/bad/bad.txt) is not within the allowed path(s): (.) in /home/kadler/projects/php-src/tests/security/open_basedir_linkinfo.php on line 24
bool(false)
int(64771)

Warning: unlink(): open_basedir restriction in effect. File(/home/kadler/projects/php-src/tests/security/test/ok/symlink.txt) is not within the allowed path(s): (.) in /home/kadler/projects/php-src/tests/security/open_basedir_linkinfo.php on line 26
bool(false)
*** Finished testing open_basedir configuration [linkinfo] ***</system-out>
    </testcase>
    <testcase name="open_basedir_lstat" classname="security.open_basedir_lstat">
    </testcase>
    <testcase name="open_basedir_mkdir" classname="security.open_basedir_mkdir">
    </testcase>
    <testcase name="open_basedir_opendir" classname="security.open_basedir_opendir">
    </testcase>
    <testcase name="open_basedir_parse_ini_file" classname="security.open_basedir_parse_ini_file">
    </testcase>
    <testcase name="open_basedir_readlink" classname="security.open_basedir_readlink">
    </testcase>
    <testcase name="open_basedir_realpath" classname="security.open_basedir_realpath">
    </testcase>
    <testcase name="open_basedir_rename" classname="security.open_basedir_rename">
    </testcase>
[...]
    </testcase>
    <testcase name="sccp_014" classname="ext/opcache.sccp_014">
    </testcase>
    <testcase name="sccp_015" classname="ext/opcache.sccp_015">
    </testcase>
    <testcase name="sccp_016" classname="ext/opcache.sccp_016">
    </testcase>
    <testcase name="sccp_017" classname="ext/opcache.sccp_017">
    </testcase>
    <testcase name="sccp_018" classname="ext/opcache.sccp_018">
    </testcase>
    <testcase name="sccp_019" classname="ext/opcache.sccp_019">
    </testcase>
    <testcase name="sccp_020" classname="ext/opcache.sccp_020">
    </testcase>
    <testcase name="sccp_021" classname="ext/opcache.sccp_021">
    </testcase>
    <testcase name="sccp_022" classname="ext/opcache.sccp_022">
    </testcase>
    <testcase name="sccp_023" classname="ext/opcache.sccp_023">
    </testcase>
    <testcase name="sccp_024" classname="ext/opcache.sccp_024">
    </testcase>
    <testcase name="sccp_025" classname="ext/opcache.sccp_025">
    </testcase>
    <testcase name="optimize_func_calls" classname="ext/opcache.optimize_func_calls">
    </testcase>
    <testcase name="optimize_func_calls_001" classname="ext/opcache.optimize_func_calls_001">
    </testcase>
    <testcase name="phi_remove_001" classname="ext/opcache.phi_remove_001">
    </testcase>
    <testcase name="phi_remove_002" classname="ext/opcache.phi_remove_002">
    </testcase>
    <testcase name="revalidate_path_01" classname="ext/opcache.revalidate_path_01">
    </testcase>
    <testcase name="ssa_bug_001" classname="ext/opcache.ssa_bug_001">
    </testcase>
    <testcase name="ssa_bug_002" classname="ext/opcache.ssa_bug_002">
    </testcase>
    <testcase name="ssa_bug_003" classname="ext/opcache.ssa_bug_003">
    </testcase>
    <testcase name="ssa_bug_004" classname="ext/opcache.ssa_bug_004">
    </testcase>
    <testcase name="ssa_bug_005" classname="ext/opcache.ssa_bug_005">
    </testcase>
    <testcase name="ssa_bug_006" classname="ext/opcache.ssa_bug_006">
    </testcase>
    <testcase name="ssa_bug_007" classname="ext/opcache.ssa_bug_007">
    </testcase>
    <testcase name="ssa_bug_008" classname="ext/opcache.ssa_bug_008">
    </testcase>
    <testcase name="ssa_bug_009" classname="ext/opcache.ssa_bug_009">
    </testcase>
    <testcase name="ssa_bug_010" classname="ext/opcache.ssa_bug_010">
    </testcase>
    <testcase name="ssa_bug_011" classname="ext/opcache.ssa_bug_011">
    </testcase>
    <testcase name="switch_with_coinciding_targets" classname="ext/opcache.switch_with_coinciding_targets">
    </testcase>
    <testcase name="verify_return_dfg" classname="ext/opcache.verify_return_dfg">
    </testcase>
    <testcase name="wrong_inlining_001" classname="ext/opcache.wrong_inlining_001">
    </testcase>
    <testcase name="wrong_inlining_002" classname="ext/opcache.wrong_inlining_002">
    </testcase>
    <testcase name="wrong_inlining_003" classname="ext/opcache.wrong_inlining_003">
    </testcase>
    <testcase name="wrong_inlining_004" classname="ext/opcache.wrong_inlining_004">
    </testcase>
    <testcase name="wrong_inlining_005" classname="ext/opcache.wrong_inlining_005">
    </testcase>
    <testcase name="zzz_basic_logging" classname="ext/opcache.zzz_basic_logging">
    </testcase>
  </testsuite>
  <testsuite name="ext/openssl" tests="144" disabled="0" errors="0" failures="0" skipped="3">
    <testcase name="001" classname="ext/openssl.001">
    </testcase>
    <testcase name="bug25614" classname="ext/openssl.bug25614">
    </testcase>
    <testcase name="bug28382" classname="ext/openssl.bug28382">
    </testcase>
    <testcase name="bug36732" classname="ext/openssl.bug36732">
    </testcase>
    <testcase name="bug37820" classname="ext/openssl.bug37820">
    </testcase>
    <testcase name="bug38255" classname="ext/openssl.bug38255">
    </testcase>
    <testcase name="bug38261" classname="ext/openssl.bug38261">
    </testcase>
    <testcase name="bug39217" classname="ext/openssl.bug39217">
    </testcase>
    <testcase name="bug41033" classname="ext/openssl.bug41033">
    </testcase>
    <testcase name="bug41353" classname="ext/openssl.bug41353">
    </testcase>
    <testcase name="bug46127" classname="ext/openssl.bug46127">
    </testcase>
    <testcase name="bug47828" classname="ext/openssl.bug47828">
    </testcase>
    <testcase name="bug48182" classname="ext/openssl.bug48182">
    </testcase>
    <testcase name="bug54060" classname="ext/openssl.bug54060">
    </testcase>
    <testcase name="bug54061" classname="ext/openssl.bug54061">
    </testcase>
    <testcase name="bug54992" classname="ext/openssl.bug54992">
    </testcase>
    <testcase name="bug55259" classname="ext/openssl.bug55259">
    </testcase>
    <testcase name="bug55646" classname="ext/openssl.bug55646">
    </testcase>
    <testcase name="bug60632" classname="ext/openssl.bug60632">
    </testcase>
    <testcase name="bug61124" classname="ext/openssl.bug61124">
    </testcase>
    <testcase name="bug61930" classname="ext/openssl.bug61930">
    </testcase>
    <testcase name="bug64802" classname="ext/openssl.bug64802">
    </testcase>
    <testcase name="bug65538_001" classname="ext/openssl.bug65538_001">
    </testcase>
    <testcase name="bug65538_002" classname="ext/openssl.bug65538_002">
    </testcase>
    <testcase name="bug65538_003" classname="ext/openssl.bug65538_003">
    </testcase>
    <testcase name="bug65698" classname="ext/openssl.bug65698">
    </testcase>
    <testcase name="bug65729" classname="ext/openssl.bug65729">
    </testcase>
    <testcase name="bug66501" classname="ext/openssl.bug66501">
    </testcase>
    <testcase name="bug67403" classname="ext/openssl.bug67403">
    </testcase>
    <testcase name="bug68265" classname="ext/openssl.bug68265">
    </testcase>
    <testcase name="bug68879" classname="ext/openssl.bug68879">
    </testcase>
    <testcase name="bug68912" classname="ext/openssl.bug68912">
    </testcase>
    <testcase name="bug68920" classname="ext/openssl.bug68920">
    </testcase>
    <testcase name="bug69215" classname="ext/openssl.bug69215">
    </testcase>
    <testcase name="bug70395" classname="ext/openssl.bug70395">
    </testcase>
    <testcase name="bug70438" classname="ext/openssl.bug70438">
    </testcase>
    <testcase name="bug71475" classname="ext/openssl.bug71475">
    </testcase>
    <testcase name="bug71917" classname="ext/openssl.bug71917">
    </testcase>
    <testcase name="bug72165" classname="ext/openssl.bug72165">
    </testcase>
    <testcase name="bug72333" classname="ext/openssl.bug72333">
    </testcase>
    <testcase name="bug72336" classname="ext/openssl.bug72336">
    </testcase>
    <testcase name="bug72362" classname="ext/openssl.bug72362">
    </testcase>
    <testcase name="bug73072" classname="ext/openssl.bug73072">
    </testcase>
    <testcase name="bug73478" classname="ext/openssl.bug73478">
    </testcase>
    <testcase name="bug73711" classname="ext/openssl.bug73711">
    </testcase>
    <testcase name="bug73833" classname="ext/openssl.bug73833">
    </testcase>
    <testcase name="bug74022" classname="ext/openssl.bug74022">
    </testcase>
    <testcase name="bug74022_2" classname="ext/openssl.bug74022_2">
    </testcase>
    <testcase name="bug74099" classname="ext/openssl.bug74099">
    </testcase>
    <testcase name="bug74159" classname="ext/openssl.bug74159">
    </testcase>
    <testcase name="bug74341" classname="ext/openssl.bug74341">
    </testcase>
    <testcase name="bug74402" classname="ext/openssl.bug74402">
    </testcase>
    <testcase name="bug74651" classname="ext/openssl.bug74651">
    </testcase>
    <testcase name="bug74720_0" classname="ext/openssl.bug74720_0">
    </testcase>
    <testcase name="bug74720_1" classname="ext/openssl.bug74720_1">
    </testcase>
    <testcase name="bug74798" classname="ext/openssl.bug74798">
    </testcase>
    <testcase name="bug74903" classname="ext/openssl.bug74903">
    </testcase>
    <testcase name="bug75307" classname="ext/openssl.bug75307">
    </testcase>
    <testcase name="bug76296" classname="ext/openssl.bug76296">
    </testcase>
    <testcase name="bug76705" classname="ext/openssl.bug76705">
    </testcase>
    <testcase name="bug77390" classname="ext/openssl.bug77390">
    </testcase>
    <testcase name="capture_peer_cert_001" classname="ext/openssl.capture_peer_cert_001">
    </testcase>
    <testcase name="check_default_conf_path" classname="ext/openssl.check_default_conf_path">
    </testcase>
    <testcase name="cve-2013-6420" classname="ext/openssl.cve-2013-6420">
    </testcase>
    <testcase name="cve2013_4073" classname="ext/openssl.cve2013_4073">
    </testcase>
    <testcase name="ecc" classname="ext/openssl.ecc">
    </testcase>
    <testcase name="openssl_csr_export_bacis" classname="ext/openssl.openssl_csr_export_bacis">
    </testcase>
    <testcase name="openssl_csr_export_to_file_basic" classname="ext/openssl.openssl_csr_export_to_file_basic">
    </testcase>
    <testcase name="openssl_csr_get_public_key_basic" classname="ext/openssl.openssl_csr_get_public_key_basic">
    </testcase>
    <testcase name="openssl_csr_get_subject_basic" classname="ext/openssl.openssl_csr_get_subject_basic">
    </testcase>
    <testcase name="openssl_csr_new_basic" classname="ext/openssl.openssl_csr_new_basic">
    </testcase>
    <testcase name="openssl_csr_sign_basic" classname="ext/openssl.openssl_csr_sign_basic">
    </testcase>
    <testcase name="openssl_decrypt_basic" classname="ext/openssl.openssl_decrypt_basic">
    </testcase>
    <testcase name="openssl_decrypt_ccm" classname="ext/openssl.openssl_decrypt_ccm">
    </testcase>
    <testcase name="openssl_decrypt_error" classname="ext/openssl.openssl_decrypt_error">
    </testcase>
    <testcase name="openssl_decrypt_gcm" classname="ext/openssl.openssl_decrypt_gcm">
    </testcase>
    <testcase name="openssl_digest_basic" classname="ext/openssl.openssl_digest_basic">
    </testcase>
    <testcase name="openssl_encrypt_ccm" classname="ext/openssl.openssl_encrypt_ccm">
    </testcase>
    <testcase name="openssl_encrypt_crash" classname="ext/openssl.openssl_encrypt_crash">
    </testcase>
    <testcase name="openssl_encrypt_error" classname="ext/openssl.openssl_encrypt_error">
    </testcase>
    <testcase name="openssl_encrypt_gcm" classname="ext/openssl.openssl_encrypt_gcm">
    </testcase>
    <testcase name="openssl_error_string_basic" classname="ext/openssl.openssl_error_string_basic">
    </testcase>
    <testcase name="openssl_free_key" classname="ext/openssl.openssl_free_key">
    </testcase>
    <testcase name="openssl_get_cert_locations_basic" classname="ext/openssl.openssl_get_cert_locations_basic">
    </testcase>
    <testcase name="openssl_get_cipher_methods" classname="ext/openssl.openssl_get_cipher_methods">
    </testcase>
    <testcase name="openssl_get_md_methods" classname="ext/openssl.openssl_get_md_methods">
    </testcase>
    <testcase name="openssl_open_basic" classname="ext/openssl.openssl_open_basic">
    </testcase>
    <testcase name="openssl_pbkdf2_basic" classname="ext/openssl.openssl_pbkdf2_basic">
    </testcase>
    <testcase name="openssl_peer_fingerprint_basic" classname="ext/openssl.openssl_peer_fingerprint_basic">
    </testcase>
    <testcase name="openssl_pkcs12_export_basic" classname="ext/openssl.openssl_pkcs12_export_basic">
    </testcase>
    <testcase name="openssl_pkcs12_export_to_file_basic" classname="ext/openssl.openssl_pkcs12_export_to_file_basic">
    </testcase>
    <testcase name="openssl_pkcs12_read_basic" classname="ext/openssl.openssl_pkcs12_read_basic">
    </testcase>
    <testcase name="openssl_pkcs7_decrypt_basic" classname="ext/openssl.openssl_pkcs7_decrypt_basic">
    </testcase>
    <testcase name="openssl_pkcs7_decrypt_error" classname="ext/openssl.openssl_pkcs7_decrypt_error">
    </testcase>
    <testcase name="openssl_pkcs7_encrypt_basic" classname="ext/openssl.openssl_pkcs7_encrypt_basic">
    </testcase>
    <testcase name="openssl_pkcs7_read_basic" classname="ext/openssl.openssl_pkcs7_read_basic">
    </testcase>
    <testcase name="openssl_pkcs7_sign_basic" classname="ext/openssl.openssl_pkcs7_sign_basic">
    </testcase>
    <testcase name="openssl_pkcs7_verify_basic" classname="ext/openssl.openssl_pkcs7_verify_basic">
    </testcase>
    <testcase name="openssl_pkey_derive-dh" classname="ext/openssl.openssl_pkey_derive-dh">
    </testcase>
    <testcase name="openssl_pkey_derive-ecdh" classname="ext/openssl.openssl_pkey_derive-ecdh">
    </testcase>
    <testcase name="openssl_pkey_export_basic" classname="ext/openssl.openssl_pkey_export_basic">
    </testcase>
    <testcase name="openssl_pkey_get_details_basic" classname="ext/openssl.openssl_pkey_get_details_basic">
    </testcase>
    <testcase name="openssl_pkey_new_basic" classname="ext/openssl.openssl_pkey_new_basic">
    </testcase>
    <testcase name="openssl_pkey_new_error" classname="ext/openssl.openssl_pkey_new_error">
    </testcase>
    <testcase name="openssl_private_decrypt_basic" classname="ext/openssl.openssl_private_decrypt_basic">
    </testcase>
    <testcase name="openssl_private_encrypt_basic" classname="ext/openssl.openssl_private_encrypt_basic">
    </testcase>
    <testcase name="openssl_public_decrypt_basic" classname="ext/openssl.openssl_public_decrypt_basic">
    </testcase>
    <testcase name="openssl_public_encrypt_basic" classname="ext/openssl.openssl_public_encrypt_basic">
    </testcase>
    <testcase name="openssl_random_pseudo_bytes_basic" classname="ext/openssl.openssl_random_pseudo_bytes_basic">
    </testcase>
    <testcase name="openssl_seal_basic" classname="ext/openssl.openssl_seal_basic">
    </testcase>
    <testcase name="openssl_sign_basic" classname="ext/openssl.openssl_sign_basic">
    </testcase>
    <testcase name="openssl_spki_export_basic" classname="ext/openssl.openssl_spki_export_basic">
    </testcase>
    <testcase name="openssl_spki_export_challenge_basic" classname="ext/openssl.openssl_spki_export_challenge_basic">
    </testcase>
    <testcase name="openssl_spki_new_basic" classname="ext/openssl.openssl_spki_new_basic">
    </testcase>
    <testcase name="openssl_spki_verify_basic" classname="ext/openssl.openssl_spki_verify_basic">
    </testcase>
    <testcase name="openssl_verify_basic" classname="ext/openssl.openssl_verify_basic">
    </testcase>
    <testcase name="openssl_x509_check_private_key_basic" classname="ext/openssl.openssl_x509_check_private_key_basic">
    </testcase>
    <testcase name="openssl_x509_checkpurpose_basic" classname="ext/openssl.openssl_x509_checkpurpose_basic">
    </testcase>
    <testcase name="openssl_x509_export_basic" classname="ext/openssl.openssl_x509_export_basic">
    </testcase>
    <testcase name="openssl_x509_export_to_file_basic" classname="ext/openssl.openssl_x509_export_to_file_basic">
    </testcase>
    <testcase name="openssl_x509_fingerprint_basic" classname="ext/openssl.openssl_x509_fingerprint_basic">
    </testcase>
    <testcase name="openssl_x509_free_basic" classname="ext/openssl.openssl_x509_free_basic">
    </testcase>
    <testcase name="openssl_x509_parse_basic" classname="ext/openssl.openssl_x509_parse_basic">
    </testcase>
    <testcase name="openssl_x509_read_basic" classname="ext/openssl.openssl_x509_read_basic">
    </testcase>
    <testcase name="peer_verification" classname="ext/openssl.peer_verification">
    </testcase>
    <testcase name="san_peer_matching" classname="ext/openssl.san_peer_matching">
    </testcase>
    <testcase name="session_meta_capture" classname="ext/openssl.session_meta_capture">
    </testcase>
    <testcase name="sni_server" classname="ext/openssl.sni_server">
    </testcase>
    <testcase name="sni_server_key_cert" classname="ext/openssl.sni_server_key_cert">
    </testcase>
    <testcase name="stream_crypto_flags_001" classname="ext/openssl.stream_crypto_flags_001">
    </testcase>
    <testcase name="stream_crypto_flags_002" classname="ext/openssl.stream_crypto_flags_002">
    </testcase>
    <testcase name="stream_crypto_flags_003" classname="ext/openssl.stream_crypto_flags_003">
    </testcase>
    <testcase name="stream_crypto_flags_004" classname="ext/openssl.stream_crypto_flags_004">
    </testcase>
    <testcase name="stream_security_level" classname="ext/openssl.stream_security_level">
    </testcase>
    <testcase name="stream_server_reneg_limit" classname="ext/openssl.stream_server_reneg_limit">
    </testcase>
    <testcase name="stream_verify_peer_name_001" classname="ext/openssl.stream_verify_peer_name_001">
    </testcase>
    <testcase name="stream_verify_peer_name_002" classname="ext/openssl.stream_verify_peer_name_002">
    </testcase>
    <testcase name="stream_verify_peer_name_003" classname="ext/openssl.stream_verify_peer_name_003">
    </testcase>
    <testcase name="streams_crypto_method" classname="ext/openssl.streams_crypto_method">
    </testcase>
    <testcase name="tls_min_v1.0_max_v1.1_wrapper" classname="ext/openssl.tls_min_v1?0_max_v1?1_wrapper">
    </testcase>
    <testcase name="tls_wrapper" classname="ext/openssl.tls_wrapper">
    </testcase>
    <testcase name="tlsv1.0_wrapper" classname="ext/openssl.tlsv1?0_wrapper">
    </testcase>
    <testcase name="tlsv1.1_wrapper" classname="ext/openssl.tlsv1?1_wrapper">
    </testcase>
    <testcase name="tlsv1.2_wrapper" classname="ext/openssl.tlsv1?2_wrapper">
    </testcase>
  </testsuite>
  <testsuite name="ext/pcntl" tests="20" disabled="0" errors="0" failures="6" skipped="0">
    <testcase name="001" classname="ext/pcntl.001">
    </testcase>
    <testcase name="002" classname="ext/pcntl.002">
      <failure message="ext/pcntl/tests/002.phpt" ></failure>
      <system-out></system-out>
    </testcase>
    <testcase name="003" classname="ext/pcntl.003">
    </testcase>
    <testcase name="async_signals" classname="ext/pcntl.async_signals">
      <failure message="ext/pcntl/tests/async_signals.phpt" ></failure>
      <system-out></system-out>
    </testcase>
    <testcase name="bug47566" classname="ext/pcntl.bug47566">
    </testcase>
    <testcase name="bug72154" classname="ext/pcntl.bug72154">
    </testcase>
    <testcase name="bug73783" classname="ext/pcntl.bug73783">
    </testcase>
    <testcase name="pcntl_alarm" classname="ext/pcntl.pcntl_alarm">
      <failure message="ext/pcntl/tests/pcntl_alarm.phpt" ></failure>
      <system-out></system-out>
    </testcase>
    <testcase name="pcntl_exec" classname="ext/pcntl.pcntl_exec">
    </testcase>
    <testcase name="pcntl_exec_2" classname="ext/pcntl.pcntl_exec_2">
    </testcase>
    <testcase name="pcntl_exec_3" classname="ext/pcntl.pcntl_exec_3">
    </testcase>
    <testcase name="pcntl_fork_basic" classname="ext/pcntl.pcntl_fork_basic">
    </testcase>
    <testcase name="pcntl_fork_variation" classname="ext/pcntl.pcntl_fork_variation">
    </testcase>
    <testcase name="pcntl_get_last_error" classname="ext/pcntl.pcntl_get_last_error">
    </testcase>
    <testcase name="pcntl_realtime_signal" classname="ext/pcntl.pcntl_realtime_signal">
      <failure message="ext/pcntl/tests/pcntl_realtime_signal.phpt" ></failure>
      <system-out></system-out>
    </testcase>
    <testcase name="pcntl_signal" classname="ext/pcntl.pcntl_signal">
      <failure message="ext/pcntl/tests/pcntl_signal.phpt" ></failure>
      <system-out></system-out>
    </testcase>
    <testcase name="pcntl_signal_dispatch" classname="ext/pcntl.pcntl_signal_dispatch">
      <failure message="ext/pcntl/tests/pcntl_signal_dispatch.phpt" ></failure>
      <system-out></system-out>
    </testcase>
    <testcase name="pcntl_signal_get_handler" classname="ext/pcntl.pcntl_signal_get_handler">
    </testcase>
    <testcase name="pcntl_wait" classname="ext/pcntl.pcntl_wait">
    </testcase>
    <testcase name="pcntl_wait_rusage1" classname="ext/pcntl.pcntl_wait_rusage1">
    </testcase>
  </testsuite>
</testsuites>
